
*** Running vivado
    with args -log top.vds -m64 -product Vivado -mode batch -messageDb vivado.pb -notrace -source top.tcl



****** Vivado v2024.2 (64-bit)
  **** SW Build 5239630 on Fri Nov 08 22:35:27 MST 2024
  **** IP Build 5239520 on Sun Nov 10 16:12:51 MST 2024
  **** SharedData Build 5239561 on Fri Nov 08 14:39:27 MST 2024
  **** Start of session at: Fri Feb 21 11:01:42 2025
    ** Copyright 1986-2022 Xilinx, Inc. All Rights Reserved.
    ** Copyright 2022-2024 Advanced Micro Devices, Inc. All Rights Reserved.

source top.tcl -notrace
Command: read_checkpoint -auto_incremental -incremental {C:/Users/Ryab Ranjitkar/ECE3829_Lab_3/ECE3829_Lab_3.srcs/utils_1/imports/synth_1/top.dcp}
INFO: [Vivado 12-5825] Read reference checkpoint from C:/Users/Ryab Ranjitkar/ECE3829_Lab_3/ECE3829_Lab_3.srcs/utils_1/imports/synth_1/top.dcp for incremental synthesis
INFO: [Vivado 12-7989] Please ensure there are no constraint changes
Command: synth_design -top top -part xc7a35tcpg236-1
Starting synth_design
Attempting to get a license for feature 'Synthesis' and/or device 'xc7a35t'
INFO: [Common 17-349] Got license for feature 'Synthesis' and/or device 'xc7a35t'
INFO: [Device 21-403] Loading part xc7a35tcpg236-1
INFO: [Designutils 20-5440] No compile time benefit to using incremental synthesis; A full resynthesis will be run
INFO: [Designutils 20-4379] Flow is switching to default flow due to incremental criteria not met. If you would like to alter this behaviour and have the flow terminate instead, please set the following parameter config_implementation {autoIncr.Synth.RejectBehavior Terminate}
INFO: [Synth 8-7079] Multithreading enabled for synth_design using a maximum of 2 processes.
INFO: [Synth 8-7078] Launching helper process for spawning children vivado processes
INFO: [Synth 8-7075] Helper process launched with PID 20040
---------------------------------------------------------------------------------
Starting RTL Elaboration : Time (s): cpu = 00:00:04 ; elapsed = 00:00:04 . Memory (MB): peak = 1037.367 ; gain = 468.594
---------------------------------------------------------------------------------
INFO: [Synth 8-6157] synthesizing module 'top' [C:/Users/Ryab Ranjitkar/ECE3829_Lab_3/ECE3829_Lab_3.srcs/sources_1/new/top.v:23]
INFO: [Synth 8-6157] synthesizing module 'clock_gen' [C:/Users/Ryab Ranjitkar/ECE3829_Lab_3/ECE3829_Lab_3.srcs/sources_1/new/clock_gen.v:24]
INFO: [Synth 8-6157] synthesizing module 'clk_wiz_0' [C:/Users/Ryab Ranjitkar/ECE3829_Lab_3/ECE3829_Lab_3.runs/synth_1/.Xil/Vivado-20044-YourMum/realtime/clk_wiz_0_stub.v:6]
INFO: [Synth 8-6155] done synthesizing module 'clk_wiz_0' (0#1) [C:/Users/Ryab Ranjitkar/ECE3829_Lab_3/ECE3829_Lab_3.runs/synth_1/.Xil/Vivado-20044-YourMum/realtime/clk_wiz_0_stub.v:6]
INFO: [Synth 8-6155] done synthesizing module 'clock_gen' (0#1) [C:/Users/Ryab Ranjitkar/ECE3829_Lab_3/ECE3829_Lab_3.srcs/sources_1/new/clock_gen.v:24]
INFO: [Synth 8-6157] synthesizing module 'sensor_interface' [C:/Users/Ryab Ranjitkar/ECE3829_Lab_3/ECE3829_Lab_3.srcs/sources_1/new/sensor_interface.v:25]
INFO: [Synth 8-226] default block is never used [C:/Users/Ryab Ranjitkar/ECE3829_Lab_3/ECE3829_Lab_3.srcs/sources_1/new/sensor_interface.v:66]
INFO: [Synth 8-6155] done synthesizing module 'sensor_interface' (0#1) [C:/Users/Ryab Ranjitkar/ECE3829_Lab_3/ECE3829_Lab_3.srcs/sources_1/new/sensor_interface.v:25]
INFO: [Synth 8-6157] synthesizing module 'seven_seg_display' [C:/Users/Ryab Ranjitkar/ECE3829_Lab_3/ECE3829_Lab_3.srcs/sources_1/new/seven_seg_display.v:26]
INFO: [Synth 8-6157] synthesizing module 'an_cycle' [C:/Users/Ryab Ranjitkar/ECE3829_Lab_3/ECE3829_Lab_3.srcs/sources_1/new/an_cycle.v:24]
INFO: [Synth 8-6155] done synthesizing module 'an_cycle' (0#1) [C:/Users/Ryab Ranjitkar/ECE3829_Lab_3/ECE3829_Lab_3.srcs/sources_1/new/an_cycle.v:24]
INFO: [Synth 8-6157] synthesizing module 'seg_sel' [C:/Users/Ryab Ranjitkar/ECE3829_Lab_3/ECE3829_Lab_3.srcs/sources_1/new/seg_sel.v:24]
INFO: [Synth 8-226] default block is never used [C:/Users/Ryab Ranjitkar/ECE3829_Lab_3/ECE3829_Lab_3.srcs/sources_1/new/seg_sel.v:45]
INFO: [Synth 8-6155] done synthesizing module 'seg_sel' (0#1) [C:/Users/Ryab Ranjitkar/ECE3829_Lab_3/ECE3829_Lab_3.srcs/sources_1/new/seg_sel.v:24]
INFO: [Synth 8-6155] done synthesizing module 'seven_seg_display' (0#1) [C:/Users/Ryab Ranjitkar/ECE3829_Lab_3/ECE3829_Lab_3.srcs/sources_1/new/seven_seg_display.v:26]
INFO: [Synth 8-6155] done synthesizing module 'top' (0#1) [C:/Users/Ryab Ranjitkar/ECE3829_Lab_3/ECE3829_Lab_3.srcs/sources_1/new/top.v:23]
WARNING: [Synth 8-6014] Unused sequential element current_state_reg was removed.  [C:/Users/Ryab Ranjitkar/ECE3829_Lab_3/ECE3829_Lab_3.srcs/sources_1/new/sensor_interface.v:62]
---------------------------------------------------------------------------------
Finished RTL Elaboration : Time (s): cpu = 00:00:06 ; elapsed = 00:00:06 . Memory (MB): peak = 1144.668 ; gain = 575.895
---------------------------------------------------------------------------------
---------------------------------------------------------------------------------
Start Handling Custom Attributes
---------------------------------------------------------------------------------
---------------------------------------------------------------------------------
Finished Handling Custom Attributes : Time (s): cpu = 00:00:06 ; elapsed = 00:00:06 . Memory (MB): peak = 1144.668 ; gain = 575.895
---------------------------------------------------------------------------------
---------------------------------------------------------------------------------
Finished RTL Optimization Phase 1 : Time (s): cpu = 00:00:06 ; elapsed = 00:00:06 . Memory (MB): peak = 1144.668 ; gain = 575.895
---------------------------------------------------------------------------------
Netlist sorting complete. Time (s): cpu = 00:00:00 ; elapsed = 00:00:00.004 . Memory (MB): peak = 1144.668 ; gain = 0.000
INFO: [Project 1-570] Preparing netlist for logic optimization

Processing XDC Constraints
Initializing timing engine
Parsing XDC File [c:/Users/Ryab Ranjitkar/ECE3829_Lab_3/ECE3829_Lab_3.gen/sources_1/ip/clk_wiz_0/clk_wiz_0/clk_wiz_0_in_context.xdc] for cell 'clk_mmcm/clm_mmcm'
Finished Parsing XDC File [c:/Users/Ryab Ranjitkar/ECE3829_Lab_3/ECE3829_Lab_3.gen/sources_1/ip/clk_wiz_0/clk_wiz_0/clk_wiz_0_in_context.xdc] for cell 'clk_mmcm/clm_mmcm'
Parsing XDC File [C:/Users/Ryab Ranjitkar/ECE3829_Lab_3/ECE3829_Lab_3.srcs/constrs_1/new/constraints.xdc]
Finished Parsing XDC File [C:/Users/Ryab Ranjitkar/ECE3829_Lab_3/ECE3829_Lab_3.srcs/constrs_1/new/constraints.xdc]
INFO: [Project 1-236] Implementation specific constraints were found while reading constraint file [C:/Users/Ryab Ranjitkar/ECE3829_Lab_3/ECE3829_Lab_3.srcs/constrs_1/new/constraints.xdc]. These constraints will be ignored for synthesis but will be used in implementation. Impacted constraints are listed in the file [.Xil/top_propImpl.xdc].
Resolution: To avoid this warning, move constraints listed in [.Xil/top_propImpl.xdc] to another XDC file and exclude this new file from synthesis with the used_in_synthesis property (File Properties dialog in GUI) and re-run elaboration/synthesis.
Completed Processing XDC Constraints

Netlist sorting complete. Time (s): cpu = 00:00:00 ; elapsed = 00:00:00 . Memory (MB): peak = 1235.805 ; gain = 0.000
INFO: [Project 1-111] Unisim Transformation Summary:
No Unisim elements were transformed.

Constraint Validation Runtime : Time (s): cpu = 00:00:00 ; elapsed = 00:00:00.003 . Memory (MB): peak = 1235.805 ; gain = 0.000
INFO: [Designutils 20-5440] No compile time benefit to using incremental synthesis; A full resynthesis will be run
INFO: [Designutils 20-4379] Flow is switching to default flow due to incremental criteria not met. If you would like to alter this behaviour and have the flow terminate instead, please set the following parameter config_implementation {autoIncr.Synth.RejectBehavior Terminate}
---------------------------------------------------------------------------------
Finished Constraint Validation : Time (s): cpu = 00:00:12 ; elapsed = 00:00:12 . Memory (MB): peak = 1235.805 ; gain = 667.031
---------------------------------------------------------------------------------
---------------------------------------------------------------------------------
Start Loading Part and Timing Information
---------------------------------------------------------------------------------
Loading part: xc7a35tcpg236-1
---------------------------------------------------------------------------------
Finished Loading Part and Timing Information : Time (s): cpu = 00:00:12 ; elapsed = 00:00:12 . Memory (MB): peak = 1235.805 ; gain = 667.031
---------------------------------------------------------------------------------
---------------------------------------------------------------------------------
Start Applying 'set_property' XDC Constraints
---------------------------------------------------------------------------------
Applied set_property IO_BUFFER_TYPE = NONE for clk. (constraint file  {c:/Users/Ryab Ranjitkar/ECE3829_Lab_3/ECE3829_Lab_3.gen/sources_1/ip/clk_wiz_0/clk_wiz_0/clk_wiz_0_in_context.xdc}, line 3).
Applied set_property CLOCK_BUFFER_TYPE = NONE for clk. (constraint file  {c:/Users/Ryab Ranjitkar/ECE3829_Lab_3/ECE3829_Lab_3.gen/sources_1/ip/clk_wiz_0/clk_wiz_0/clk_wiz_0_in_context.xdc}, line 4).
Applied set_property KEEP_HIERARCHY = SOFT for clk_mmcm/clm_mmcm. (constraint file  auto generated constraint).
---------------------------------------------------------------------------------
Finished applying 'set_property' XDC Constraints : Time (s): cpu = 00:00:12 ; elapsed = 00:00:12 . Memory (MB): peak = 1235.805 ; gain = 667.031
---------------------------------------------------------------------------------
WARNING: [Synth 8-3936] Found unconnected internal register 'serialData_reg' and it is trimmed from '15' to '12' bits. [C:/Users/Ryab Ranjitkar/ECE3829_Lab_3/ECE3829_Lab_3.srcs/sources_1/new/sensor_interface.v:96]
WARNING: [Synth 8-3936] Found unconnected internal register 'shift_reg_reg' and it is trimmed from '15' to '14' bits. [C:/Users/Ryab Ranjitkar/ECE3829_Lab_3/ECE3829_Lab_3.srcs/sources_1/new/sensor_interface.v:63]
WARNING: [Synth 8-3936] Found unconnected internal register 'shift_reg_reg' and it is trimmed from '14' to '13' bits. [C:/Users/Ryab Ranjitkar/ECE3829_Lab_3/ECE3829_Lab_3.srcs/sources_1/new/sensor_interface.v:63]
WARNING: [Synth 8-3936] Found unconnected internal register 'shift_reg_reg' and it is trimmed from '13' to '12' bits. [C:/Users/Ryab Ranjitkar/ECE3829_Lab_3/ECE3829_Lab_3.srcs/sources_1/new/sensor_interface.v:63]
INFO: [Synth 8-802] inferred FSM for state register 'next_state_reg' in module 'sensor_interface'
---------------------------------------------------------------------------------------------------
                   State |                     New Encoding |                Previous Encoding 
---------------------------------------------------------------------------------------------------
                  S_IDLE |                               00 |                               00
                  S_WAIT |                               01 |                               01
                  S_READ |                               10 |                               10
                  S_DONE |                               11 |                               11
---------------------------------------------------------------------------------------------------
INFO: [Synth 8-3354] encoded FSM with state register 'next_state_reg' using encoding 'sequential' in module 'sensor_interface'
---------------------------------------------------------------------------------
Finished RTL Optimization Phase 2 : Time (s): cpu = 00:00:12 ; elapsed = 00:00:13 . Memory (MB): peak = 1235.805 ; gain = 667.031
---------------------------------------------------------------------------------
---------------------------------------------------------------------------------
Start RTL Component Statistics 
---------------------------------------------------------------------------------
Detailed RTL Component Info : 
+---Adders : 
	   2 Input   32 Bit       Adders := 1     
	   2 Input    2 Bit       Adders := 1     
+---Registers : 
	               32 Bit    Registers := 1     
	               12 Bit    Registers := 2     
	                8 Bit    Registers := 1     
	                2 Bit    Registers := 1     
	                1 Bit    Registers := 4     
+---Muxes : 
	   4 Input   32 Bit        Muxes := 1     
	   2 Input   12 Bit        Muxes := 1     
	   4 Input   12 Bit        Muxes := 1     
	   5 Input    4 Bit        Muxes := 2     
	   4 Input    2 Bit        Muxes := 1     
	   2 Input    2 Bit        Muxes := 3     
	   2 Input    1 Bit        Muxes := 3     
	   4 Input    1 Bit        Muxes := 5     
---------------------------------------------------------------------------------
Finished RTL Component Statistics 
---------------------------------------------------------------------------------
---------------------------------------------------------------------------------
Start Part Resource Summary
---------------------------------------------------------------------------------
Part Resources:
DSPs: 90 (col length:60)
BRAMs: 100 (col length: RAMB18 60 RAMB36 30)
---------------------------------------------------------------------------------
Finished Part Resource Summary
---------------------------------------------------------------------------------
---------------------------------------------------------------------------------
Start Cross Boundary and Area Optimization
---------------------------------------------------------------------------------
WARNING: [Synth 8-7080] Parallel synthesis criteria is not met
---------------------------------------------------------------------------------
Finished Cross Boundary and Area Optimization : Time (s): cpu = 00:00:14 ; elapsed = 00:00:15 . Memory (MB): peak = 1235.805 ; gain = 667.031
---------------------------------------------------------------------------------
---------------------------------------------------------------------------------
Start Applying XDC Timing Constraints
---------------------------------------------------------------------------------
---------------------------------------------------------------------------------
Finished Applying XDC Timing Constraints : Time (s): cpu = 00:00:18 ; elapsed = 00:00:19 . Memory (MB): peak = 1333.457 ; gain = 764.684
---------------------------------------------------------------------------------
---------------------------------------------------------------------------------
Start Timing Optimization
---------------------------------------------------------------------------------
---------------------------------------------------------------------------------
Finished Timing Optimization : Time (s): cpu = 00:00:18 ; elapsed = 00:00:19 . Memory (MB): peak = 1360.785 ; gain = 792.012
---------------------------------------------------------------------------------
---------------------------------------------------------------------------------
Start Technology Mapping
---------------------------------------------------------------------------------
---------------------------------------------------------------------------------
Finished Technology Mapping : Time (s): cpu = 00:00:18 ; elapsed = 00:00:19 . Memory (MB): peak = 1370.609 ; gain = 801.836
---------------------------------------------------------------------------------
---------------------------------------------------------------------------------
Start IO Insertion
---------------------------------------------------------------------------------
---------------------------------------------------------------------------------
Start Flattening Before IO Insertion
---------------------------------------------------------------------------------
---------------------------------------------------------------------------------
Finished Flattening Before IO Insertion
---------------------------------------------------------------------------------
---------------------------------------------------------------------------------
Start Final Netlist Cleanup
---------------------------------------------------------------------------------
---------------------------------------------------------------------------------
Finished Final Netlist Cleanup
---------------------------------------------------------------------------------
---------------------------------------------------------------------------------
Finished IO Insertion : Time (s): cpu = 00:00:21 ; elapsed = 00:00:22 . Memory (MB): peak = 1563.543 ; gain = 994.770
---------------------------------------------------------------------------------
---------------------------------------------------------------------------------
Start Renaming Generated Instances
---------------------------------------------------------------------------------
---------------------------------------------------------------------------------
Finished Renaming Generated Instances : Time (s): cpu = 00:00:21 ; elapsed = 00:00:22 . Memory (MB): peak = 1563.543 ; gain = 994.770
---------------------------------------------------------------------------------
---------------------------------------------------------------------------------
Start Rebuilding User Hierarchy
---------------------------------------------------------------------------------
---------------------------------------------------------------------------------
Finished Rebuilding User Hierarchy : Time (s): cpu = 00:00:21 ; elapsed = 00:00:22 . Memory (MB): peak = 1563.543 ; gain = 994.770
---------------------------------------------------------------------------------
---------------------------------------------------------------------------------
Start Renaming Generated Ports
---------------------------------------------------------------------------------
---------------------------------------------------------------------------------
Finished Renaming Generated Ports : Time (s): cpu = 00:00:21 ; elapsed = 00:00:22 . Memory (MB): peak = 1563.543 ; gain = 994.770
---------------------------------------------------------------------------------
---------------------------------------------------------------------------------
Start Handling Custom Attributes
---------------------------------------------------------------------------------
---------------------------------------------------------------------------------
Finished Handling Custom Attributes : Time (s): cpu = 00:00:21 ; elapsed = 00:00:22 . Memory (MB): peak = 1563.543 ; gain = 994.770
---------------------------------------------------------------------------------
---------------------------------------------------------------------------------
Start Renaming Generated Nets
---------------------------------------------------------------------------------
---------------------------------------------------------------------------------
Finished Renaming Generated Nets : Time (s): cpu = 00:00:21 ; elapsed = 00:00:22 . Memory (MB): peak = 1563.543 ; gain = 994.770
---------------------------------------------------------------------------------
---------------------------------------------------------------------------------
Start Writing Synthesis Report
---------------------------------------------------------------------------------

Report BlackBoxes: 
+------+--------------+----------+
|      |BlackBox name |Instances |
+------+--------------+----------+
|1     |clk_wiz_0     |         1|
+------+--------------+----------+

Report Cell Usage: 
+------+--------+------+
|      |Cell    |Count |
+------+--------+------+
|1     |clk_wiz |     1|
|2     |CARRY4  |    18|
|3     |LUT1    |     4|
|4     |LUT2    |     7|
|5     |LUT3    |     6|
|6     |LUT4    |    17|
|7     |LUT5    |    12|
|8     |LUT6    |    19|
|9     |FDRE    |   107|
|10    |FDSE    |     1|
|11    |IBUF    |     2|
|12    |OBUF    |    13|
+------+--------+------+
---------------------------------------------------------------------------------
Finished Writing Synthesis Report : Time (s): cpu = 00:00:21 ; elapsed = 00:00:22 . Memory (MB): peak = 1563.543 ; gain = 994.770
---------------------------------------------------------------------------------
Synthesis finished with 0 errors, 0 critical warnings and 5 warnings.
Synthesis Optimization Runtime : Time (s): cpu = 00:00:15 ; elapsed = 00:00:21 . Memory (MB): peak = 1563.543 ; gain = 903.633
Synthesis Optimization Complete : Time (s): cpu = 00:00:22 ; elapsed = 00:00:23 . Memory (MB): peak = 1563.543 ; gain = 994.770
INFO: [Project 1-571] Translating synthesized netlist
Netlist sorting complete. Time (s): cpu = 00:00:00 ; elapsed = 00:00:00.002 . Memory (MB): peak = 1563.543 ; gain = 0.000
INFO: [Netlist 29-17] Analyzing 18 Unisim elements for replacement
INFO: [Netlist 29-28] Unisim Transformation completed in 0 CPU seconds
INFO: [Project 1-570] Preparing netlist for logic optimization
INFO: [Opt 31-138] Pushed 0 inverter(s) to 0 load pin(s).
Netlist sorting complete. Time (s): cpu = 00:00:00 ; elapsed = 00:00:00 . Memory (MB): peak = 1563.543 ; gain = 0.000
INFO: [Project 1-111] Unisim Transformation Summary:
No Unisim elements were transformed.

Synth Design complete | Checksum: 6dddf86b
INFO: [Common 17-83] Releasing license: Synthesis
39 Infos, 6 Warnings, 0 Critical Warnings and 0 Errors encountered.
synth_design completed successfully
INFO: [Common 17-600] The following parameters have non-default value.
tcl.statsThreshold
Write ShapeDB Complete: Time (s): cpu = 00:00:00 ; elapsed = 00:00:00.001 . Memory (MB): peak = 1563.543 ; gain = 0.000
INFO: [Common 17-1381] The checkpoint 'C:/Users/Ryab Ranjitkar/ECE3829_Lab_3/ECE3829_Lab_3.runs/synth_1/top.dcp' has been generated.
INFO: [Vivado 12-24828] Executing command : report_utilization -file top_utilization_synth.rpt -pb top_utilization_synth.pb
INFO: [Common 17-206] Exiting Vivado at Fri Feb 21 11:02:13 2025...
