TRACE::2025-03-04.10:41:49::SCWPlatform::Trying to open the hw design at C:/Users/gshi/workspace/lab4_project/design_1_wrapper/hw/design_1_wrapper.xsa
TRACE::2025-03-04.10:41:49::SCWPlatform::DSA given C:/Users/gshi/workspace/lab4_project/design_1_wrapper/hw/design_1_wrapper.xsa
TRACE::2025-03-04.10:41:49::SCWPlatform::DSA absoulate path C:/Users/gshi/workspace/lab4_project/design_1_wrapper/hw/design_1_wrapper.xsa
TRACE::2025-03-04.10:41:49::SCWPlatform::DSA directory C:/Users/gshi/workspace/lab4_project/design_1_wrapper/hw
TRACE::2025-03-04.10:41:49::SCWPlatform:: Platform Path C:/Users/gshi/workspace/lab4_project/design_1_wrapper/hw/design_1_wrapper.xsa
TRACE::2025-03-04.10:41:49::SCWPlatform:: Unique name xilinx:basys3::0.0
TRACE::2025-03-04.10:41:49::SCWPlatform::Do not have an existing db opened. 
TRACE::2025-03-04.10:41:49::SCWPlatform::Opened new HwDB with name design_1_wrapper_0
TRACE::2025-03-04.10:41:49::SCWWriter::formatted JSON is {
	"platformName":	"design_1_wrapper",
	"sprVersion":	"2.0",
	"mode":	"gui",
	"dsaType":	"Fixed",
	"platformDesc":	"design_1_wrapper",
	"platHandOff":	"C:/Users/gshi/Downloads/design_1_wrapper.xsa",
	"platIntHandOff":	"<platformDir>/hw/design_1_wrapper.xsa",
	"deviceType":	"FPGA",
	"platIsPrebuiltAutogen":	"false",
	"platIsNoBootBsp":	"false",
	"hasFsblMakeHasChanges":	"false",
	"hasPmufwMakeHasChanges":	"false",
	"platPreBuiltFlag":	false,
	"platformSamplesDir":	""
}
TRACE::2025-03-04.10:41:49::SCWWriter::formatted JSON is {
	"platformName":	"design_1_wrapper",
	"sprVersion":	"2.0",
	"mode":	"gui",
	"dsaType":	"Fixed",
	"platformDesc":	"design_1_wrapper",
	"platHandOff":	"C:/Users/gshi/Downloads/design_1_wrapper.xsa",
	"platIntHandOff":	"<platformDir>/hw/design_1_wrapper.xsa",
	"deviceType":	"FPGA",
	"platIsPrebuiltAutogen":	"false",
	"platIsNoBootBsp":	"false",
	"hasFsblMakeHasChanges":	"false",
	"hasPmufwMakeHasChanges":	"false",
	"platPreBuiltFlag":	false,
	"platformSamplesDir":	"",
	"platActiveSys":	"design_1_wrapper",
	"systems":	[{
			"systemName":	"design_1_wrapper",
			"systemDesc":	"design_1_wrapper",
			"sysIsBootAutoGen":	"true",
			"systemDispName":	"design_1_wrapper"
		}]
}
TRACE::2025-03-04.10:41:49::SCWPlatform::Boot application domains not present, creating them
TRACE::2025-03-04.10:41:49::SCWPlatform::Pure FPGA device, no boot application will be created.
TRACE::2025-03-04.10:41:49::SCWWriter::formatted JSON is {
	"platformName":	"design_1_wrapper",
	"sprVersion":	"2.0",
	"mode":	"gui",
	"dsaType":	"Fixed",
	"platformDesc":	"design_1_wrapper",
	"platHandOff":	"C:/Users/gshi/Downloads/design_1_wrapper.xsa",
	"platIntHandOff":	"<platformDir>/hw/design_1_wrapper.xsa",
	"deviceType":	"FPGA",
	"platIsPrebuiltAutogen":	"false",
	"platIsNoBootBsp":	"false",
	"hasFsblMakeHasChanges":	"false",
	"hasPmufwMakeHasChanges":	"false",
	"platPreBuiltFlag":	false,
	"platformSamplesDir":	"",
	"platActiveSys":	"design_1_wrapper",
	"systems":	[{
			"systemName":	"design_1_wrapper",
			"systemDesc":	"design_1_wrapper",
			"sysIsBootAutoGen":	"true",
			"systemDispName":	"design_1_wrapper"
		}]
}
TRACE::2025-03-04.10:41:49::SCWWriter::formatted JSON is {
	"platformName":	"design_1_wrapper",
	"sprVersion":	"2.0",
	"mode":	"gui",
	"dsaType":	"Fixed",
	"platformDesc":	"design_1_wrapper",
	"platHandOff":	"C:/Users/gshi/Downloads/design_1_wrapper.xsa",
	"platIntHandOff":	"<platformDir>/hw/design_1_wrapper.xsa",
	"deviceType":	"FPGA",
	"platIsPrebuiltAutogen":	"false",
	"platIsNoBootBsp":	"false",
	"hasFsblMakeHasChanges":	"false",
	"hasPmufwMakeHasChanges":	"false",
	"platPreBuiltFlag":	false,
	"platformSamplesDir":	"",
	"platActiveSys":	"design_1_wrapper",
	"systems":	[{
			"systemName":	"design_1_wrapper",
			"systemDesc":	"design_1_wrapper",
			"sysIsBootAutoGen":	"true",
			"systemDispName":	"design_1_wrapper"
		}]
}
TRACE::2025-03-04.10:41:49::SCWPlatform::Trying to open the hw design at C:/Users/gshi/workspace/lab4_project/design_1_wrapper/hw/design_1_wrapper.xsa
TRACE::2025-03-04.10:41:49::SCWPlatform::DSA given C:/Users/gshi/workspace/lab4_project/design_1_wrapper/hw/design_1_wrapper.xsa
TRACE::2025-03-04.10:41:49::SCWPlatform::DSA absoulate path C:/Users/gshi/workspace/lab4_project/design_1_wrapper/hw/design_1_wrapper.xsa
TRACE::2025-03-04.10:41:49::SCWPlatform::DSA directory C:/Users/gshi/workspace/lab4_project/design_1_wrapper/hw
TRACE::2025-03-04.10:41:49::SCWPlatform:: Platform Path C:/Users/gshi/workspace/lab4_project/design_1_wrapper/hw/design_1_wrapper.xsa
TRACE::2025-03-04.10:41:49::SCWPlatform:: Unique name xilinx:basys3::0.0
TRACE::2025-03-04.10:41:49::SCWPlatform::Trying to set the existing hwdb with name design_1_wrapper_0
TRACE::2025-03-04.10:41:49::SCWPlatform::Opened existing hwdb design_1_wrapper_0
TRACE::2025-03-04.10:41:49::SCWPlatform::Found the Hw Db part of the input DSA
TRACE::2025-03-04.10:41:49::SCWPlatform::Trying to open the hw design at C:/Users/gshi/workspace/lab4_project/design_1_wrapper/hw/design_1_wrapper.xsa
TRACE::2025-03-04.10:41:49::SCWPlatform::DSA given C:/Users/gshi/workspace/lab4_project/design_1_wrapper/hw/design_1_wrapper.xsa
TRACE::2025-03-04.10:41:49::SCWPlatform::DSA absoulate path C:/Users/gshi/workspace/lab4_project/design_1_wrapper/hw/design_1_wrapper.xsa
TRACE::2025-03-04.10:41:49::SCWPlatform::DSA directory C:/Users/gshi/workspace/lab4_project/design_1_wrapper/hw
TRACE::2025-03-04.10:41:49::SCWPlatform:: Platform Path C:/Users/gshi/workspace/lab4_project/design_1_wrapper/hw/design_1_wrapper.xsa
TRACE::2025-03-04.10:41:49::SCWPlatform:: Unique name xilinx:basys3::0.0
TRACE::2025-03-04.10:41:49::SCWPlatform::Trying to set the existing hwdb with name design_1_wrapper_0
TRACE::2025-03-04.10:41:49::SCWPlatform::Opened existing hwdb design_1_wrapper_0
TRACE::2025-03-04.10:41:49::SCWPlatform::Found the Hw Db part of the input DSA
TRACE::2025-03-04.10:41:49::SCWDomain::checking for install qemu data   : 
TRACE::2025-03-04.10:41:49::SCWPlatform::Trying to open the hw design at C:/Users/gshi/workspace/lab4_project/design_1_wrapper/hw/design_1_wrapper.xsa
TRACE::2025-03-04.10:41:49::SCWPlatform::DSA given C:/Users/gshi/workspace/lab4_project/design_1_wrapper/hw/design_1_wrapper.xsa
TRACE::2025-03-04.10:41:49::SCWPlatform::DSA absoulate path C:/Users/gshi/workspace/lab4_project/design_1_wrapper/hw/design_1_wrapper.xsa
TRACE::2025-03-04.10:41:49::SCWPlatform::DSA directory C:/Users/gshi/workspace/lab4_project/design_1_wrapper/hw
TRACE::2025-03-04.10:41:49::SCWPlatform:: Platform Path C:/Users/gshi/workspace/lab4_project/design_1_wrapper/hw/design_1_wrapper.xsa
TRACE::2025-03-04.10:41:49::SCWPlatform:: Unique name xilinx:basys3::0.0
TRACE::2025-03-04.10:41:49::SCWPlatform::Trying to set the existing hwdb with name design_1_wrapper_0
TRACE::2025-03-04.10:41:49::SCWPlatform::Opened existing hwdb design_1_wrapper_0
TRACE::2025-03-04.10:41:49::SCWPlatform::Found the Hw Db part of the input DSA
TRACE::2025-03-04.10:41:49::SCWPlatform::Trying to open the hw design at C:/Users/gshi/workspace/lab4_project/design_1_wrapper/hw/design_1_wrapper.xsa
TRACE::2025-03-04.10:41:49::SCWPlatform::DSA given C:/Users/gshi/workspace/lab4_project/design_1_wrapper/hw/design_1_wrapper.xsa
TRACE::2025-03-04.10:41:49::SCWPlatform::DSA absoulate path C:/Users/gshi/workspace/lab4_project/design_1_wrapper/hw/design_1_wrapper.xsa
TRACE::2025-03-04.10:41:49::SCWPlatform::DSA directory C:/Users/gshi/workspace/lab4_project/design_1_wrapper/hw
TRACE::2025-03-04.10:41:49::SCWPlatform:: Platform Path C:/Users/gshi/workspace/lab4_project/design_1_wrapper/hw/design_1_wrapper.xsa
TRACE::2025-03-04.10:41:49::SCWPlatform:: Unique name xilinx:basys3::0.0
TRACE::2025-03-04.10:41:49::SCWPlatform::Trying to set the existing hwdb with name design_1_wrapper_0
TRACE::2025-03-04.10:41:49::SCWPlatform::Opened existing hwdb design_1_wrapper_0
TRACE::2025-03-04.10:41:49::SCWPlatform::Found the Hw Db part of the input DSA
TRACE::2025-03-04.10:41:49::SCWPlatform::Trying to open the hw design at C:/Users/gshi/workspace/lab4_project/design_1_wrapper/hw/design_1_wrapper.xsa
TRACE::2025-03-04.10:41:49::SCWPlatform::DSA given C:/Users/gshi/workspace/lab4_project/design_1_wrapper/hw/design_1_wrapper.xsa
TRACE::2025-03-04.10:41:49::SCWPlatform::DSA absoulate path C:/Users/gshi/workspace/lab4_project/design_1_wrapper/hw/design_1_wrapper.xsa
TRACE::2025-03-04.10:41:49::SCWPlatform::DSA directory C:/Users/gshi/workspace/lab4_project/design_1_wrapper/hw
TRACE::2025-03-04.10:41:49::SCWPlatform:: Platform Path C:/Users/gshi/workspace/lab4_project/design_1_wrapper/hw/design_1_wrapper.xsa
TRACE::2025-03-04.10:41:49::SCWPlatform:: Unique name xilinx:basys3::0.0
TRACE::2025-03-04.10:41:49::SCWPlatform::Trying to set the existing hwdb with name design_1_wrapper_0
TRACE::2025-03-04.10:41:49::SCWPlatform::Opened existing hwdb design_1_wrapper_0
TRACE::2025-03-04.10:41:49::SCWPlatform::Found the Hw Db part of the input DSA
TRACE::2025-03-04.10:41:49::SCWMssOS::Checking the sw design at  C:/Users/gshi/workspace/lab4_project/design_1_wrapper/microblaze_0/standalone_microblaze_0/bsp/system.mss
TRACE::2025-03-04.10:41:49::SCWMssOS::DEBUG:  swdes dump  
TRACE::2025-03-04.10:41:49::SCWMssOS::No sw design opened at  C:/Users/gshi/workspace/lab4_project/design_1_wrapper/microblaze_0/standalone_microblaze_0/bsp/system.mss
TRACE::2025-03-04.10:41:49::SCWMssOS::mss does not exists at C:/Users/gshi/workspace/lab4_project/design_1_wrapper/microblaze_0/standalone_microblaze_0/bsp/system.mss
TRACE::2025-03-04.10:41:49::SCWMssOS::Creating sw design at  C:/Users/gshi/workspace/lab4_project/design_1_wrapper/microblaze_0/standalone_microblaze_0/bsp/system.mss
TRACE::2025-03-04.10:41:49::SCWMssOS::Adding the swdes entry, created swdb C:/Users/gshi/workspace/lab4_project/design_1_wrapper/microblaze_0/standalone_microblaze_0/bsp/system.mss with des name C:/Users/gshi/workspace/lab4_project/design_1_wrapper/microblaze_0/standalone_microblaze_0/bsp/system.mss
TRACE::2025-03-04.10:41:49::SCWMssOS::updating the scw layer changes to swdes at   C:/Users/gshi/workspace/lab4_project/design_1_wrapper/microblaze_0/standalone_microblaze_0/bsp/system.mss
TRACE::2025-03-04.10:41:49::SCWMssOS::Writing mss at C:/Users/gshi/workspace/lab4_project/design_1_wrapper/microblaze_0/standalone_microblaze_0/bsp/system.mss
TRACE::2025-03-04.10:41:49::SCWMssOS::Completed writing the mss file at C:/Users/gshi/workspace/lab4_project/design_1_wrapper/microblaze_0/standalone_microblaze_0/bsp
TRACE::2025-03-04.10:41:49::SCWMssOS::Picking up changes from newly written mss file into SCW Layer. 
TRACE::2025-03-04.10:41:49::SCWMssOS::Updated the changes from newly written mss file into SCW Layer. 
TRACE::2025-03-04.10:41:49::SCWMssOS::Completed writing the mss file at C:/Users/gshi/workspace/lab4_project/design_1_wrapper/microblaze_0/standalone_microblaze_0/bsp
TRACE::2025-03-04.10:41:49::SCWMssOS::Forcing BSP Sources regeneration.
TRACE::2025-03-04.10:41:52::SCWMssOS::Saving the mss changes C:/Users/gshi/workspace/lab4_project/design_1_wrapper/microblaze_0/standalone_microblaze_0/bsp/system.mss
TRACE::2025-03-04.10:41:52::SCWMssOS::Adding the swdes entry, mss present, able to open swdb C:/Users/gshi/workspace/lab4_project/design_1_wrapper/microblaze_0/standalone_microblaze_0/bsp/system.mss with des name system
TRACE::2025-03-04.10:41:52::SCWMssOS::Writing the mss file completed C:/Users/gshi/workspace/lab4_project/design_1_wrapper/microblaze_0/standalone_microblaze_0/bsp/system.mss
TRACE::2025-03-04.10:41:52::SCWMssOS::Commit changes completed.
TRACE::2025-03-04.10:41:52::SCWPlatform::Trying to open the hw design at C:/Users/gshi/workspace/lab4_project/design_1_wrapper/hw/design_1_wrapper.xsa
TRACE::2025-03-04.10:41:52::SCWPlatform::DSA given C:/Users/gshi/workspace/lab4_project/design_1_wrapper/hw/design_1_wrapper.xsa
TRACE::2025-03-04.10:41:52::SCWPlatform::DSA absoulate path C:/Users/gshi/workspace/lab4_project/design_1_wrapper/hw/design_1_wrapper.xsa
TRACE::2025-03-04.10:41:52::SCWPlatform::DSA directory C:/Users/gshi/workspace/lab4_project/design_1_wrapper/hw
TRACE::2025-03-04.10:41:52::SCWPlatform:: Platform Path C:/Users/gshi/workspace/lab4_project/design_1_wrapper/hw/design_1_wrapper.xsa
TRACE::2025-03-04.10:41:52::SCWPlatform:: Unique name xilinx:basys3::0.0
TRACE::2025-03-04.10:41:52::SCWPlatform::Trying to set the existing hwdb with name design_1_wrapper_0
TRACE::2025-03-04.10:41:52::SCWPlatform::Opened existing hwdb design_1_wrapper_0
TRACE::2025-03-04.10:41:52::SCWPlatform::Found the Hw Db part of the input DSA
TRACE::2025-03-04.10:41:52::SCWMssOS::Checking the sw design at  C:/Users/gshi/workspace/lab4_project/design_1_wrapper/microblaze_0/standalone_microblaze_0/bsp/system.mss
TRACE::2025-03-04.10:41:52::SCWMssOS::DEBUG:  swdes dump  C:/Users/gshi/workspace/lab4_project/design_1_wrapper/microblaze_0/standalone_microblaze_0/bsp/system.mss|system||

TRACE::2025-03-04.10:41:52::SCWMssOS::Sw design exists and opened at  C:/Users/gshi/workspace/lab4_project/design_1_wrapper/microblaze_0/standalone_microblaze_0/bsp/system.mss
TRACE::2025-03-04.10:41:52::SCWPlatform::Trying to open the hw design at C:/Users/gshi/workspace/lab4_project/design_1_wrapper/hw/design_1_wrapper.xsa
TRACE::2025-03-04.10:41:52::SCWPlatform::DSA given C:/Users/gshi/workspace/lab4_project/design_1_wrapper/hw/design_1_wrapper.xsa
TRACE::2025-03-04.10:41:52::SCWPlatform::DSA absoulate path C:/Users/gshi/workspace/lab4_project/design_1_wrapper/hw/design_1_wrapper.xsa
TRACE::2025-03-04.10:41:52::SCWPlatform::DSA directory C:/Users/gshi/workspace/lab4_project/design_1_wrapper/hw
TRACE::2025-03-04.10:41:52::SCWPlatform:: Platform Path C:/Users/gshi/workspace/lab4_project/design_1_wrapper/hw/design_1_wrapper.xsa
TRACE::2025-03-04.10:41:52::SCWPlatform:: Unique name xilinx:basys3::0.0
TRACE::2025-03-04.10:41:52::SCWPlatform::Trying to set the existing hwdb with name design_1_wrapper_0
TRACE::2025-03-04.10:41:52::SCWPlatform::Opened existing hwdb design_1_wrapper_0
TRACE::2025-03-04.10:41:52::SCWPlatform::Found the Hw Db part of the input DSA
TRACE::2025-03-04.10:41:52::SCWMssOS::Checking the sw design at  C:/Users/gshi/workspace/lab4_project/design_1_wrapper/microblaze_0/standalone_microblaze_0/bsp/system.mss
TRACE::2025-03-04.10:41:52::SCWMssOS::DEBUG:  swdes dump  C:/Users/gshi/workspace/lab4_project/design_1_wrapper/microblaze_0/standalone_microblaze_0/bsp/system.mss|system||

TRACE::2025-03-04.10:41:52::SCWMssOS::Sw design exists and opened at  C:/Users/gshi/workspace/lab4_project/design_1_wrapper/microblaze_0/standalone_microblaze_0/bsp/system.mss
TRACE::2025-03-04.10:41:52::SCWPlatform::Trying to open the hw design at C:/Users/gshi/workspace/lab4_project/design_1_wrapper/hw/design_1_wrapper.xsa
TRACE::2025-03-04.10:41:52::SCWPlatform::DSA given C:/Users/gshi/workspace/lab4_project/design_1_wrapper/hw/design_1_wrapper.xsa
TRACE::2025-03-04.10:41:52::SCWPlatform::DSA absoulate path C:/Users/gshi/workspace/lab4_project/design_1_wrapper/hw/design_1_wrapper.xsa
TRACE::2025-03-04.10:41:52::SCWPlatform::DSA directory C:/Users/gshi/workspace/lab4_project/design_1_wrapper/hw
TRACE::2025-03-04.10:41:52::SCWPlatform:: Platform Path C:/Users/gshi/workspace/lab4_project/design_1_wrapper/hw/design_1_wrapper.xsa
TRACE::2025-03-04.10:41:52::SCWPlatform:: Unique name xilinx:basys3::0.0
TRACE::2025-03-04.10:41:52::SCWPlatform::Trying to set the existing hwdb with name design_1_wrapper_0
TRACE::2025-03-04.10:41:52::SCWPlatform::Opened existing hwdb design_1_wrapper_0
TRACE::2025-03-04.10:41:52::SCWPlatform::Found the Hw Db part of the input DSA
TRACE::2025-03-04.10:41:52::SCWMssOS::Checking the sw design at  C:/Users/gshi/workspace/lab4_project/design_1_wrapper/microblaze_0/standalone_microblaze_0/bsp/system.mss
TRACE::2025-03-04.10:41:52::SCWMssOS::DEBUG:  swdes dump  C:/Users/gshi/workspace/lab4_project/design_1_wrapper/microblaze_0/standalone_microblaze_0/bsp/system.mss|system||

TRACE::2025-03-04.10:41:52::SCWMssOS::Sw design exists and opened at  C:/Users/gshi/workspace/lab4_project/design_1_wrapper/microblaze_0/standalone_microblaze_0/bsp/system.mss
TRACE::2025-03-04.10:41:52::SCWWriter::formatted JSON is {
	"platformName":	"design_1_wrapper",
	"sprVersion":	"2.0",
	"mode":	"gui",
	"dsaType":	"Fixed",
	"platformDesc":	"design_1_wrapper",
	"platHandOff":	"C:/Users/gshi/Downloads/design_1_wrapper.xsa",
	"platIntHandOff":	"<platformDir>/hw/design_1_wrapper.xsa",
	"deviceType":	"FPGA",
	"platIsPrebuiltAutogen":	"false",
	"platIsNoBootBsp":	"false",
	"hasFsblMakeHasChanges":	"false",
	"hasPmufwMakeHasChanges":	"false",
	"platPreBuiltFlag":	false,
	"platformSamplesDir":	"",
	"platActiveSys":	"design_1_wrapper",
	"systems":	[{
			"systemName":	"design_1_wrapper",
			"systemDesc":	"design_1_wrapper",
			"sysIsBootAutoGen":	"true",
			"systemDispName":	"design_1_wrapper",
			"sysActiveDom":	"standalone_microblaze_0",
			"sysDefaultDom":	"standalone_microblaze_0",
			"domains":	[{
					"domainName":	"standalone_microblaze_0",
					"domainDispName":	"standalone_microblaze_0",
					"domainDesc":	"standalone_microblaze_0",
					"processors":	"microblaze_0",
					"os":	"standalone",
					"sdxOs":	"standalone",
					"debugEnable":	"False",
					"domRuntimes":	["cpp"],
					"swRepo":	"",
					"mssOsVer":	"7.5",
					"mssFile":	"",
					"md5Digest":	"4f07c00aba32abd845a4d24b9871fcba",
					"compatibleApp":	"empty_application",
					"domType":	"mssDomain",
					"arch":	"32-bit",
					"appSettings":	{
						"appCompilerFlags":	"",
						"appLinkerFlags":	""
					},
					"addedLibs":	[],
					"libOptions":	{
						"libsContainingOptions":	[]
					},
					"prebuiltLibs":	{
						"prebuiltIncPath":	[],
						"prebuiltLibPath":	[]
					},
					"isolation":	{
					}
				}]
		}]
}
LOG::2025-03-04.10:41:52::SCWPlatform::Started generating the artifacts platform design_1_wrapper
TRACE::2025-03-04.10:41:52::SCWPlatform::Sanity checking of platform is completed
LOG::2025-03-04.10:41:52::SCWPlatform::Started generating the artifacts for system configuration design_1_wrapper
LOG::2025-03-04.10:41:52::SCWSystem::Checking the domain standalone_microblaze_0
LOG::2025-03-04.10:41:52::SCWSystem::Not a boot domain 
LOG::2025-03-04.10:41:52::SCWSystem::Started Processing the domain standalone_microblaze_0
TRACE::2025-03-04.10:41:52::SCWDomain::Generating domain artifcats
TRACE::2025-03-04.10:41:52::SCWMssOS::Generating standalone artifcats
TRACE::2025-03-04.10:41:52::SCWMssOS:: Copying the user libraries. 
TRACE::2025-03-04.10:41:52::SCWPlatform::Trying to open the hw design at C:/Users/gshi/workspace/lab4_project/design_1_wrapper/hw/design_1_wrapper.xsa
TRACE::2025-03-04.10:41:52::SCWPlatform::DSA given C:/Users/gshi/workspace/lab4_project/design_1_wrapper/hw/design_1_wrapper.xsa
TRACE::2025-03-04.10:41:52::SCWPlatform::DSA absoulate path C:/Users/gshi/workspace/lab4_project/design_1_wrapper/hw/design_1_wrapper.xsa
TRACE::2025-03-04.10:41:52::SCWPlatform::DSA directory C:/Users/gshi/workspace/lab4_project/design_1_wrapper/hw
TRACE::2025-03-04.10:41:52::SCWPlatform:: Platform Path C:/Users/gshi/workspace/lab4_project/design_1_wrapper/hw/design_1_wrapper.xsa
TRACE::2025-03-04.10:41:52::SCWPlatform:: Unique name xilinx:basys3::0.0
TRACE::2025-03-04.10:41:52::SCWPlatform::Trying to set the existing hwdb with name design_1_wrapper_0
TRACE::2025-03-04.10:41:52::SCWPlatform::Opened existing hwdb design_1_wrapper_0
TRACE::2025-03-04.10:41:52::SCWPlatform::Found the Hw Db part of the input DSA
TRACE::2025-03-04.10:41:52::SCWMssOS::Checking the sw design at  C:/Users/gshi/workspace/lab4_project/design_1_wrapper/microblaze_0/standalone_microblaze_0/bsp/system.mss
TRACE::2025-03-04.10:41:52::SCWMssOS::DEBUG:  swdes dump  C:/Users/gshi/workspace/lab4_project/design_1_wrapper/microblaze_0/standalone_microblaze_0/bsp/system.mss|system||

TRACE::2025-03-04.10:41:52::SCWMssOS::Sw design exists and opened at  C:/Users/gshi/workspace/lab4_project/design_1_wrapper/microblaze_0/standalone_microblaze_0/bsp/system.mss
TRACE::2025-03-04.10:41:52::SCWMssOS::Completed writing the mss file at C:/Users/gshi/workspace/lab4_project/design_1_wrapper/microblaze_0/standalone_microblaze_0/bsp
TRACE::2025-03-04.10:41:52::SCWMssOS::Mss edits present, copying mssfile into export location C:/Users/gshi/workspace/lab4_project/design_1_wrapper/microblaze_0/standalone_microblaze_0/bsp/system.mss
TRACE::2025-03-04.10:41:52::SCWMssOS::bsp generated is upto date with the mss file. Skipping bsp generation.
TRACE::2025-03-04.10:41:52::SCWMssOS::BSP is already built. skipping the bsp build ... 
TRACE::2025-03-04.10:41:52::SCWDomain::Skipping the build for domain :  standalone_microblaze_0
TRACE::2025-03-04.10:41:52::SCWMssOS::skipping the bsp build ... 
TRACE::2025-03-04.10:41:52::SCWMssOS::Copying to export directory.
TRACE::2025-03-04.10:41:52::SCWMssOS:: Checking if to create the Supporting Applications
TRACE::2025-03-04.10:41:52::SCWMssOS:: No Linux domain exists, trying to generate FSBL 
LOG::2025-03-04.10:41:52::SCWSystem::Completed Processing the domain standalone_microblaze_0
LOG::2025-03-04.10:41:52::SCWSystem::Completed Processing the sysconfig design_1_wrapper
LOG::2025-03-04.10:41:52::SCWPlatform::Completed generating the artifacts for system configuration design_1_wrapper
TRACE::2025-03-04.10:41:52::SCWPlatform::Started preparing the platform 
TRACE::2025-03-04.10:41:52::SCWSystem::Writing the bif file for system config design_1_wrapper
TRACE::2025-03-04.10:41:52::SCWSystem::dir created 
TRACE::2025-03-04.10:41:52::SCWSystem::Writing the bif 
TRACE::2025-03-04.10:41:52::SCWPlatform::Started writing the spfm file 
TRACE::2025-03-04.10:41:52::SCWPlatform::Started writing the xpfm file 
TRACE::2025-03-04.10:41:52::SCWPlatform::Completed generating the platform
TRACE::2025-03-04.10:41:52::SCWMssOS::Saving the mss changes C:/Users/gshi/workspace/lab4_project/design_1_wrapper/microblaze_0/standalone_microblaze_0/bsp/system.mss
TRACE::2025-03-04.10:41:52::SCWMssOS::Found a swdesign opened with the mssfile.
TRACE::2025-03-04.10:41:52::SCWMssOS::Completed writemss as part of save.
TRACE::2025-03-04.10:41:52::SCWMssOS::Commit changes completed.
TRACE::2025-03-04.10:41:52::SCWPlatform::Trying to open the hw design at C:/Users/gshi/workspace/lab4_project/design_1_wrapper/hw/design_1_wrapper.xsa
TRACE::2025-03-04.10:41:52::SCWPlatform::DSA given C:/Users/gshi/workspace/lab4_project/design_1_wrapper/hw/design_1_wrapper.xsa
TRACE::2025-03-04.10:41:52::SCWPlatform::DSA absoulate path C:/Users/gshi/workspace/lab4_project/design_1_wrapper/hw/design_1_wrapper.xsa
TRACE::2025-03-04.10:41:52::SCWPlatform::DSA directory C:/Users/gshi/workspace/lab4_project/design_1_wrapper/hw
TRACE::2025-03-04.10:41:52::SCWPlatform:: Platform Path C:/Users/gshi/workspace/lab4_project/design_1_wrapper/hw/design_1_wrapper.xsa
TRACE::2025-03-04.10:41:52::SCWPlatform:: Unique name xilinx:basys3::0.0
TRACE::2025-03-04.10:41:52::SCWPlatform::Trying to set the existing hwdb with name design_1_wrapper_0
TRACE::2025-03-04.10:41:52::SCWPlatform::Opened existing hwdb design_1_wrapper_0
TRACE::2025-03-04.10:41:52::SCWPlatform::Found the Hw Db part of the input DSA
TRACE::2025-03-04.10:41:52::SCWMssOS::Checking the sw design at  C:/Users/gshi/workspace/lab4_project/design_1_wrapper/microblaze_0/standalone_microblaze_0/bsp/system.mss
TRACE::2025-03-04.10:41:52::SCWMssOS::DEBUG:  swdes dump  C:/Users/gshi/workspace/lab4_project/design_1_wrapper/microblaze_0/standalone_microblaze_0/bsp/system.mss|system||

TRACE::2025-03-04.10:41:52::SCWMssOS::Sw design exists and opened at  C:/Users/gshi/workspace/lab4_project/design_1_wrapper/microblaze_0/standalone_microblaze_0/bsp/system.mss
TRACE::2025-03-04.10:41:52::SCWPlatform::Trying to open the hw design at C:/Users/gshi/workspace/lab4_project/design_1_wrapper/hw/design_1_wrapper.xsa
TRACE::2025-03-04.10:41:52::SCWPlatform::DSA given C:/Users/gshi/workspace/lab4_project/design_1_wrapper/hw/design_1_wrapper.xsa
TRACE::2025-03-04.10:41:52::SCWPlatform::DSA absoulate path C:/Users/gshi/workspace/lab4_project/design_1_wrapper/hw/design_1_wrapper.xsa
TRACE::2025-03-04.10:41:52::SCWPlatform::DSA directory C:/Users/gshi/workspace/lab4_project/design_1_wrapper/hw
TRACE::2025-03-04.10:41:52::SCWPlatform:: Platform Path C:/Users/gshi/workspace/lab4_project/design_1_wrapper/hw/design_1_wrapper.xsa
TRACE::2025-03-04.10:41:52::SCWPlatform:: Unique name xilinx:basys3::0.0
TRACE::2025-03-04.10:41:52::SCWPlatform::Trying to set the existing hwdb with name design_1_wrapper_0
TRACE::2025-03-04.10:41:52::SCWPlatform::Opened existing hwdb design_1_wrapper_0
TRACE::2025-03-04.10:41:52::SCWPlatform::Found the Hw Db part of the input DSA
TRACE::2025-03-04.10:41:52::SCWMssOS::Checking the sw design at  C:/Users/gshi/workspace/lab4_project/design_1_wrapper/microblaze_0/standalone_microblaze_0/bsp/system.mss
TRACE::2025-03-04.10:41:52::SCWMssOS::DEBUG:  swdes dump  C:/Users/gshi/workspace/lab4_project/design_1_wrapper/microblaze_0/standalone_microblaze_0/bsp/system.mss|system||

TRACE::2025-03-04.10:41:52::SCWMssOS::Sw design exists and opened at  C:/Users/gshi/workspace/lab4_project/design_1_wrapper/microblaze_0/standalone_microblaze_0/bsp/system.mss
TRACE::2025-03-04.10:41:52::SCWPlatform::Trying to open the hw design at C:/Users/gshi/workspace/lab4_project/design_1_wrapper/hw/design_1_wrapper.xsa
TRACE::2025-03-04.10:41:52::SCWPlatform::DSA given C:/Users/gshi/workspace/lab4_project/design_1_wrapper/hw/design_1_wrapper.xsa
TRACE::2025-03-04.10:41:52::SCWPlatform::DSA absoulate path C:/Users/gshi/workspace/lab4_project/design_1_wrapper/hw/design_1_wrapper.xsa
TRACE::2025-03-04.10:41:52::SCWPlatform::DSA directory C:/Users/gshi/workspace/lab4_project/design_1_wrapper/hw
TRACE::2025-03-04.10:41:52::SCWPlatform:: Platform Path C:/Users/gshi/workspace/lab4_project/design_1_wrapper/hw/design_1_wrapper.xsa
TRACE::2025-03-04.10:41:52::SCWPlatform:: Unique name xilinx:basys3::0.0
TRACE::2025-03-04.10:41:52::SCWPlatform::Trying to set the existing hwdb with name design_1_wrapper_0
TRACE::2025-03-04.10:41:52::SCWPlatform::Opened existing hwdb design_1_wrapper_0
TRACE::2025-03-04.10:41:52::SCWPlatform::Found the Hw Db part of the input DSA
TRACE::2025-03-04.10:41:52::SCWMssOS::Checking the sw design at  C:/Users/gshi/workspace/lab4_project/design_1_wrapper/microblaze_0/standalone_microblaze_0/bsp/system.mss
TRACE::2025-03-04.10:41:52::SCWMssOS::DEBUG:  swdes dump  C:/Users/gshi/workspace/lab4_project/design_1_wrapper/microblaze_0/standalone_microblaze_0/bsp/system.mss|system||

TRACE::2025-03-04.10:41:52::SCWMssOS::Sw design exists and opened at  C:/Users/gshi/workspace/lab4_project/design_1_wrapper/microblaze_0/standalone_microblaze_0/bsp/system.mss
TRACE::2025-03-04.10:41:52::SCWWriter::formatted JSON is {
	"platformName":	"design_1_wrapper",
	"sprVersion":	"2.0",
	"mode":	"gui",
	"dsaType":	"Fixed",
	"platformDesc":	"design_1_wrapper",
	"platHandOff":	"C:/Users/gshi/Downloads/design_1_wrapper.xsa",
	"platIntHandOff":	"<platformDir>/hw/design_1_wrapper.xsa",
	"deviceType":	"FPGA",
	"platIsPrebuiltAutogen":	"false",
	"platIsNoBootBsp":	"false",
	"hasFsblMakeHasChanges":	"false",
	"hasPmufwMakeHasChanges":	"false",
	"platPreBuiltFlag":	false,
	"platformSamplesDir":	"",
	"platActiveSys":	"design_1_wrapper",
	"systems":	[{
			"systemName":	"design_1_wrapper",
			"systemDesc":	"design_1_wrapper",
			"sysIsBootAutoGen":	"true",
			"systemDispName":	"design_1_wrapper",
			"sysActiveDom":	"standalone_microblaze_0",
			"sysDefaultDom":	"standalone_microblaze_0",
			"domains":	[{
					"domainName":	"standalone_microblaze_0",
					"domainDispName":	"standalone_microblaze_0",
					"domainDesc":	"standalone_microblaze_0",
					"processors":	"microblaze_0",
					"os":	"standalone",
					"sdxOs":	"standalone",
					"debugEnable":	"False",
					"domRuntimes":	["cpp"],
					"swRepo":	"",
					"mssOsVer":	"7.5",
					"mssFile":	"",
					"md5Digest":	"4f07c00aba32abd845a4d24b9871fcba",
					"compatibleApp":	"empty_application",
					"domType":	"mssDomain",
					"arch":	"32-bit",
					"appSettings":	{
						"appCompilerFlags":	"",
						"appLinkerFlags":	""
					},
					"addedLibs":	[],
					"libOptions":	{
						"libsContainingOptions":	[]
					},
					"prebuiltLibs":	{
						"prebuiltIncPath":	[],
						"prebuiltLibPath":	[]
					},
					"isolation":	{
					}
				}]
		}]
}
KEYINFO::2025-03-04.10:41:52::SCWPlatform::updated the xpfm file.
TRACE::2025-03-04.10:41:52::SCWPlatform::Trying to open the hw design at C:/Users/gshi/workspace/lab4_project/design_1_wrapper/hw/design_1_wrapper.xsa
TRACE::2025-03-04.10:41:52::SCWPlatform::DSA given C:/Users/gshi/workspace/lab4_project/design_1_wrapper/hw/design_1_wrapper.xsa
TRACE::2025-03-04.10:41:52::SCWPlatform::DSA absoulate path C:/Users/gshi/workspace/lab4_project/design_1_wrapper/hw/design_1_wrapper.xsa
TRACE::2025-03-04.10:41:52::SCWPlatform::DSA directory C:/Users/gshi/workspace/lab4_project/design_1_wrapper/hw
TRACE::2025-03-04.10:41:52::SCWPlatform:: Platform Path C:/Users/gshi/workspace/lab4_project/design_1_wrapper/hw/design_1_wrapper.xsa
TRACE::2025-03-04.10:41:52::SCWPlatform:: Unique name xilinx:basys3::0.0
TRACE::2025-03-04.10:41:52::SCWPlatform::Trying to set the existing hwdb with name design_1_wrapper_0
TRACE::2025-03-04.10:41:52::SCWPlatform::Opened existing hwdb design_1_wrapper_0
TRACE::2025-03-04.10:41:52::SCWPlatform::Found the Hw Db part of the input DSA
TRACE::2025-03-04.10:41:52::SCWMssOS::Checking the sw design at  C:/Users/gshi/workspace/lab4_project/design_1_wrapper/microblaze_0/standalone_microblaze_0/bsp/system.mss
TRACE::2025-03-04.10:41:52::SCWMssOS::DEBUG:  swdes dump  C:/Users/gshi/workspace/lab4_project/design_1_wrapper/microblaze_0/standalone_microblaze_0/bsp/system.mss|system||

TRACE::2025-03-04.10:41:52::SCWMssOS::Sw design exists and opened at  C:/Users/gshi/workspace/lab4_project/design_1_wrapper/microblaze_0/standalone_microblaze_0/bsp/system.mss
TRACE::2025-03-04.10:41:52::SCWMssOS::Saving the mss changes C:/Users/gshi/workspace/lab4_project/design_1_wrapper/microblaze_0/standalone_microblaze_0/bsp/system.mss
TRACE::2025-03-04.10:41:52::SCWMssOS::Found a swdesign opened with the mssfile.
TRACE::2025-03-04.10:41:52::SCWMssOS::Completed writemss as part of save.
TRACE::2025-03-04.10:41:52::SCWMssOS::Commit changes completed.
TRACE::2025-03-04.10:41:52::SCWPlatform::Trying to open the hw design at C:/Users/gshi/workspace/lab4_project/design_1_wrapper/hw/design_1_wrapper.xsa
TRACE::2025-03-04.10:41:52::SCWPlatform::DSA given C:/Users/gshi/workspace/lab4_project/design_1_wrapper/hw/design_1_wrapper.xsa
TRACE::2025-03-04.10:41:52::SCWPlatform::DSA absoulate path C:/Users/gshi/workspace/lab4_project/design_1_wrapper/hw/design_1_wrapper.xsa
TRACE::2025-03-04.10:41:52::SCWPlatform::DSA directory C:/Users/gshi/workspace/lab4_project/design_1_wrapper/hw
TRACE::2025-03-04.10:41:52::SCWPlatform:: Platform Path C:/Users/gshi/workspace/lab4_project/design_1_wrapper/hw/design_1_wrapper.xsa
TRACE::2025-03-04.10:41:52::SCWPlatform:: Unique name xilinx:basys3::0.0
TRACE::2025-03-04.10:41:52::SCWPlatform::Trying to set the existing hwdb with name design_1_wrapper_0
TRACE::2025-03-04.10:41:52::SCWPlatform::Opened existing hwdb design_1_wrapper_0
TRACE::2025-03-04.10:41:52::SCWPlatform::Found the Hw Db part of the input DSA
TRACE::2025-03-04.10:41:52::SCWMssOS::Checking the sw design at  C:/Users/gshi/workspace/lab4_project/design_1_wrapper/microblaze_0/standalone_microblaze_0/bsp/system.mss
TRACE::2025-03-04.10:41:52::SCWMssOS::DEBUG:  swdes dump  C:/Users/gshi/workspace/lab4_project/design_1_wrapper/microblaze_0/standalone_microblaze_0/bsp/system.mss|system||

TRACE::2025-03-04.10:41:52::SCWMssOS::Sw design exists and opened at  C:/Users/gshi/workspace/lab4_project/design_1_wrapper/microblaze_0/standalone_microblaze_0/bsp/system.mss
TRACE::2025-03-04.10:41:52::SCWPlatform::Trying to open the hw design at C:/Users/gshi/workspace/lab4_project/design_1_wrapper/hw/design_1_wrapper.xsa
TRACE::2025-03-04.10:41:52::SCWPlatform::DSA given C:/Users/gshi/workspace/lab4_project/design_1_wrapper/hw/design_1_wrapper.xsa
TRACE::2025-03-04.10:41:52::SCWPlatform::DSA absoulate path C:/Users/gshi/workspace/lab4_project/design_1_wrapper/hw/design_1_wrapper.xsa
TRACE::2025-03-04.10:41:52::SCWPlatform::DSA directory C:/Users/gshi/workspace/lab4_project/design_1_wrapper/hw
TRACE::2025-03-04.10:41:52::SCWPlatform:: Platform Path C:/Users/gshi/workspace/lab4_project/design_1_wrapper/hw/design_1_wrapper.xsa
TRACE::2025-03-04.10:41:52::SCWPlatform:: Unique name xilinx:basys3::0.0
TRACE::2025-03-04.10:41:52::SCWPlatform::Trying to set the existing hwdb with name design_1_wrapper_0
TRACE::2025-03-04.10:41:52::SCWPlatform::Opened existing hwdb design_1_wrapper_0
TRACE::2025-03-04.10:41:52::SCWPlatform::Found the Hw Db part of the input DSA
TRACE::2025-03-04.10:41:52::SCWMssOS::Checking the sw design at  C:/Users/gshi/workspace/lab4_project/design_1_wrapper/microblaze_0/standalone_microblaze_0/bsp/system.mss
TRACE::2025-03-04.10:41:52::SCWMssOS::DEBUG:  swdes dump  C:/Users/gshi/workspace/lab4_project/design_1_wrapper/microblaze_0/standalone_microblaze_0/bsp/system.mss|system||

TRACE::2025-03-04.10:41:52::SCWMssOS::Sw design exists and opened at  C:/Users/gshi/workspace/lab4_project/design_1_wrapper/microblaze_0/standalone_microblaze_0/bsp/system.mss
TRACE::2025-03-04.10:41:52::SCWPlatform::Trying to open the hw design at C:/Users/gshi/workspace/lab4_project/design_1_wrapper/hw/design_1_wrapper.xsa
TRACE::2025-03-04.10:41:52::SCWPlatform::DSA given C:/Users/gshi/workspace/lab4_project/design_1_wrapper/hw/design_1_wrapper.xsa
TRACE::2025-03-04.10:41:52::SCWPlatform::DSA absoulate path C:/Users/gshi/workspace/lab4_project/design_1_wrapper/hw/design_1_wrapper.xsa
TRACE::2025-03-04.10:41:52::SCWPlatform::DSA directory C:/Users/gshi/workspace/lab4_project/design_1_wrapper/hw
TRACE::2025-03-04.10:41:52::SCWPlatform:: Platform Path C:/Users/gshi/workspace/lab4_project/design_1_wrapper/hw/design_1_wrapper.xsa
TRACE::2025-03-04.10:41:52::SCWPlatform:: Unique name xilinx:basys3::0.0
TRACE::2025-03-04.10:41:52::SCWPlatform::Trying to set the existing hwdb with name design_1_wrapper_0
TRACE::2025-03-04.10:41:52::SCWPlatform::Opened existing hwdb design_1_wrapper_0
TRACE::2025-03-04.10:41:52::SCWPlatform::Found the Hw Db part of the input DSA
TRACE::2025-03-04.10:41:52::SCWMssOS::Checking the sw design at  C:/Users/gshi/workspace/lab4_project/design_1_wrapper/microblaze_0/standalone_microblaze_0/bsp/system.mss
TRACE::2025-03-04.10:41:52::SCWMssOS::DEBUG:  swdes dump  C:/Users/gshi/workspace/lab4_project/design_1_wrapper/microblaze_0/standalone_microblaze_0/bsp/system.mss|system||

TRACE::2025-03-04.10:41:52::SCWMssOS::Sw design exists and opened at  C:/Users/gshi/workspace/lab4_project/design_1_wrapper/microblaze_0/standalone_microblaze_0/bsp/system.mss
TRACE::2025-03-04.10:41:52::SCWWriter::formatted JSON is {
	"platformName":	"design_1_wrapper",
	"sprVersion":	"2.0",
	"mode":	"gui",
	"dsaType":	"Fixed",
	"platformDesc":	"design_1_wrapper",
	"platHandOff":	"C:/Users/gshi/Downloads/design_1_wrapper.xsa",
	"platIntHandOff":	"<platformDir>/hw/design_1_wrapper.xsa",
	"deviceType":	"FPGA",
	"platIsPrebuiltAutogen":	"false",
	"platIsNoBootBsp":	"false",
	"hasFsblMakeHasChanges":	"false",
	"hasPmufwMakeHasChanges":	"false",
	"platPreBuiltFlag":	false,
	"platformSamplesDir":	"",
	"platActiveSys":	"design_1_wrapper",
	"systems":	[{
			"systemName":	"design_1_wrapper",
			"systemDesc":	"design_1_wrapper",
			"sysIsBootAutoGen":	"true",
			"systemDispName":	"design_1_wrapper",
			"sysActiveDom":	"standalone_microblaze_0",
			"sysDefaultDom":	"standalone_microblaze_0",
			"domains":	[{
					"domainName":	"standalone_microblaze_0",
					"domainDispName":	"standalone_microblaze_0",
					"domainDesc":	"standalone_microblaze_0",
					"processors":	"microblaze_0",
					"os":	"standalone",
					"sdxOs":	"standalone",
					"debugEnable":	"False",
					"domRuntimes":	["cpp"],
					"swRepo":	"",
					"mssOsVer":	"7.5",
					"mssFile":	"",
					"md5Digest":	"4f07c00aba32abd845a4d24b9871fcba",
					"compatibleApp":	"empty_application",
					"domType":	"mssDomain",
					"arch":	"32-bit",
					"appSettings":	{
						"appCompilerFlags":	"",
						"appLinkerFlags":	""
					},
					"addedLibs":	[],
					"libOptions":	{
						"libsContainingOptions":	[]
					},
					"prebuiltLibs":	{
						"prebuiltIncPath":	[],
						"prebuiltLibPath":	[]
					},
					"isolation":	{
					}
				}]
		}]
}
TRACE::2025-03-04.10:41:52::SCWPlatform::Trying to open the hw design at C:/Users/gshi/workspace/lab4_project/design_1_wrapper/hw/design_1_wrapper.xsa
TRACE::2025-03-04.10:41:52::SCWPlatform::DSA given C:/Users/gshi/workspace/lab4_project/design_1_wrapper/hw/design_1_wrapper.xsa
TRACE::2025-03-04.10:41:52::SCWPlatform::DSA absoulate path C:/Users/gshi/workspace/lab4_project/design_1_wrapper/hw/design_1_wrapper.xsa
TRACE::2025-03-04.10:41:52::SCWPlatform::DSA directory C:/Users/gshi/workspace/lab4_project/design_1_wrapper/hw
TRACE::2025-03-04.10:41:52::SCWPlatform:: Platform Path C:/Users/gshi/workspace/lab4_project/design_1_wrapper/hw/design_1_wrapper.xsa
TRACE::2025-03-04.10:41:52::SCWPlatform:: Unique name xilinx:basys3::0.0
TRACE::2025-03-04.10:41:52::SCWPlatform::Trying to set the existing hwdb with name design_1_wrapper_0
TRACE::2025-03-04.10:41:52::SCWPlatform::Opened existing hwdb design_1_wrapper_0
TRACE::2025-03-04.10:41:52::SCWPlatform::Found the Hw Db part of the input DSA
TRACE::2025-03-04.10:41:52::SCWMssOS::Checking the sw design at  C:/Users/gshi/workspace/lab4_project/design_1_wrapper/microblaze_0/standalone_microblaze_0/bsp/system.mss
TRACE::2025-03-04.10:41:52::SCWMssOS::DEBUG:  swdes dump  C:/Users/gshi/workspace/lab4_project/design_1_wrapper/microblaze_0/standalone_microblaze_0/bsp/system.mss|system||

TRACE::2025-03-04.10:41:52::SCWMssOS::Sw design exists and opened at  C:/Users/gshi/workspace/lab4_project/design_1_wrapper/microblaze_0/standalone_microblaze_0/bsp/system.mss
TRACE::2025-03-04.10:41:52::SCWPlatform::Trying to open the hw design at C:/Users/gshi/workspace/lab4_project/design_1_wrapper/hw/design_1_wrapper.xsa
TRACE::2025-03-04.10:41:52::SCWPlatform::DSA given C:/Users/gshi/workspace/lab4_project/design_1_wrapper/hw/design_1_wrapper.xsa
TRACE::2025-03-04.10:41:52::SCWPlatform::DSA absoulate path C:/Users/gshi/workspace/lab4_project/design_1_wrapper/hw/design_1_wrapper.xsa
TRACE::2025-03-04.10:41:52::SCWPlatform::DSA directory C:/Users/gshi/workspace/lab4_project/design_1_wrapper/hw
TRACE::2025-03-04.10:41:52::SCWPlatform:: Platform Path C:/Users/gshi/workspace/lab4_project/design_1_wrapper/hw/design_1_wrapper.xsa
TRACE::2025-03-04.10:41:52::SCWPlatform:: Unique name xilinx:basys3::0.0
TRACE::2025-03-04.10:41:52::SCWPlatform::Trying to set the existing hwdb with name design_1_wrapper_0
TRACE::2025-03-04.10:41:52::SCWPlatform::Opened existing hwdb design_1_wrapper_0
TRACE::2025-03-04.10:41:52::SCWPlatform::Found the Hw Db part of the input DSA
TRACE::2025-03-04.10:41:52::SCWMssOS::Checking the sw design at  C:/Users/gshi/workspace/lab4_project/design_1_wrapper/microblaze_0/standalone_microblaze_0/bsp/system.mss
TRACE::2025-03-04.10:41:52::SCWMssOS::DEBUG:  swdes dump  C:/Users/gshi/workspace/lab4_project/design_1_wrapper/microblaze_0/standalone_microblaze_0/bsp/system.mss|system||

TRACE::2025-03-04.10:41:52::SCWMssOS::Sw design exists and opened at  C:/Users/gshi/workspace/lab4_project/design_1_wrapper/microblaze_0/standalone_microblaze_0/bsp/system.mss
TRACE::2025-03-04.10:41:52::SCWMssOS::Saving the mss changes C:/Users/gshi/workspace/lab4_project/design_1_wrapper/microblaze_0/standalone_microblaze_0/bsp/system.mss
TRACE::2025-03-04.10:41:52::SCWMssOS::Found a swdesign opened with the mssfile.
TRACE::2025-03-04.10:41:52::SCWMssOS::Completed writemss as part of save.
TRACE::2025-03-04.10:41:52::SCWMssOS::Commit changes completed.
TRACE::2025-03-04.10:41:52::SCWPlatform::Trying to open the hw design at C:/Users/gshi/workspace/lab4_project/design_1_wrapper/hw/design_1_wrapper.xsa
TRACE::2025-03-04.10:41:52::SCWPlatform::DSA given C:/Users/gshi/workspace/lab4_project/design_1_wrapper/hw/design_1_wrapper.xsa
TRACE::2025-03-04.10:41:52::SCWPlatform::DSA absoulate path C:/Users/gshi/workspace/lab4_project/design_1_wrapper/hw/design_1_wrapper.xsa
TRACE::2025-03-04.10:41:52::SCWPlatform::DSA directory C:/Users/gshi/workspace/lab4_project/design_1_wrapper/hw
TRACE::2025-03-04.10:41:52::SCWPlatform:: Platform Path C:/Users/gshi/workspace/lab4_project/design_1_wrapper/hw/design_1_wrapper.xsa
TRACE::2025-03-04.10:41:52::SCWPlatform:: Unique name xilinx:basys3::0.0
TRACE::2025-03-04.10:41:52::SCWPlatform::Trying to set the existing hwdb with name design_1_wrapper_0
TRACE::2025-03-04.10:41:52::SCWPlatform::Opened existing hwdb design_1_wrapper_0
TRACE::2025-03-04.10:41:52::SCWPlatform::Found the Hw Db part of the input DSA
TRACE::2025-03-04.10:41:52::SCWMssOS::Checking the sw design at  C:/Users/gshi/workspace/lab4_project/design_1_wrapper/microblaze_0/standalone_microblaze_0/bsp/system.mss
TRACE::2025-03-04.10:41:52::SCWMssOS::DEBUG:  swdes dump  C:/Users/gshi/workspace/lab4_project/design_1_wrapper/microblaze_0/standalone_microblaze_0/bsp/system.mss|system||

TRACE::2025-03-04.10:41:52::SCWMssOS::Sw design exists and opened at  C:/Users/gshi/workspace/lab4_project/design_1_wrapper/microblaze_0/standalone_microblaze_0/bsp/system.mss
TRACE::2025-03-04.10:41:52::SCWPlatform::Trying to open the hw design at C:/Users/gshi/workspace/lab4_project/design_1_wrapper/hw/design_1_wrapper.xsa
TRACE::2025-03-04.10:41:52::SCWPlatform::DSA given C:/Users/gshi/workspace/lab4_project/design_1_wrapper/hw/design_1_wrapper.xsa
TRACE::2025-03-04.10:41:52::SCWPlatform::DSA absoulate path C:/Users/gshi/workspace/lab4_project/design_1_wrapper/hw/design_1_wrapper.xsa
TRACE::2025-03-04.10:41:52::SCWPlatform::DSA directory C:/Users/gshi/workspace/lab4_project/design_1_wrapper/hw
TRACE::2025-03-04.10:41:52::SCWPlatform:: Platform Path C:/Users/gshi/workspace/lab4_project/design_1_wrapper/hw/design_1_wrapper.xsa
TRACE::2025-03-04.10:41:52::SCWPlatform:: Unique name xilinx:basys3::0.0
TRACE::2025-03-04.10:41:52::SCWPlatform::Trying to set the existing hwdb with name design_1_wrapper_0
TRACE::2025-03-04.10:41:52::SCWPlatform::Opened existing hwdb design_1_wrapper_0
TRACE::2025-03-04.10:41:52::SCWPlatform::Found the Hw Db part of the input DSA
TRACE::2025-03-04.10:41:52::SCWMssOS::Checking the sw design at  C:/Users/gshi/workspace/lab4_project/design_1_wrapper/microblaze_0/standalone_microblaze_0/bsp/system.mss
TRACE::2025-03-04.10:41:52::SCWMssOS::DEBUG:  swdes dump  C:/Users/gshi/workspace/lab4_project/design_1_wrapper/microblaze_0/standalone_microblaze_0/bsp/system.mss|system||

TRACE::2025-03-04.10:41:52::SCWMssOS::Sw design exists and opened at  C:/Users/gshi/workspace/lab4_project/design_1_wrapper/microblaze_0/standalone_microblaze_0/bsp/system.mss
TRACE::2025-03-04.10:41:52::SCWPlatform::Trying to open the hw design at C:/Users/gshi/workspace/lab4_project/design_1_wrapper/hw/design_1_wrapper.xsa
TRACE::2025-03-04.10:41:52::SCWPlatform::DSA given C:/Users/gshi/workspace/lab4_project/design_1_wrapper/hw/design_1_wrapper.xsa
TRACE::2025-03-04.10:41:52::SCWPlatform::DSA absoulate path C:/Users/gshi/workspace/lab4_project/design_1_wrapper/hw/design_1_wrapper.xsa
TRACE::2025-03-04.10:41:52::SCWPlatform::DSA directory C:/Users/gshi/workspace/lab4_project/design_1_wrapper/hw
TRACE::2025-03-04.10:41:52::SCWPlatform:: Platform Path C:/Users/gshi/workspace/lab4_project/design_1_wrapper/hw/design_1_wrapper.xsa
TRACE::2025-03-04.10:41:52::SCWPlatform:: Unique name xilinx:basys3::0.0
TRACE::2025-03-04.10:41:52::SCWPlatform::Trying to set the existing hwdb with name design_1_wrapper_0
TRACE::2025-03-04.10:41:52::SCWPlatform::Opened existing hwdb design_1_wrapper_0
TRACE::2025-03-04.10:41:52::SCWPlatform::Found the Hw Db part of the input DSA
TRACE::2025-03-04.10:41:52::SCWMssOS::Checking the sw design at  C:/Users/gshi/workspace/lab4_project/design_1_wrapper/microblaze_0/standalone_microblaze_0/bsp/system.mss
TRACE::2025-03-04.10:41:52::SCWMssOS::DEBUG:  swdes dump  C:/Users/gshi/workspace/lab4_project/design_1_wrapper/microblaze_0/standalone_microblaze_0/bsp/system.mss|system||

TRACE::2025-03-04.10:41:52::SCWMssOS::Sw design exists and opened at  C:/Users/gshi/workspace/lab4_project/design_1_wrapper/microblaze_0/standalone_microblaze_0/bsp/system.mss
TRACE::2025-03-04.10:41:52::SCWWriter::formatted JSON is {
	"platformName":	"design_1_wrapper",
	"sprVersion":	"2.0",
	"mode":	"gui",
	"dsaType":	"Fixed",
	"platformDesc":	"design_1_wrapper",
	"platHandOff":	"C:/Users/gshi/Downloads/design_1_wrapper.xsa",
	"platIntHandOff":	"<platformDir>/hw/design_1_wrapper.xsa",
	"deviceType":	"FPGA",
	"platIsPrebuiltAutogen":	"false",
	"platIsNoBootBsp":	"false",
	"hasFsblMakeHasChanges":	"false",
	"hasPmufwMakeHasChanges":	"false",
	"platPreBuiltFlag":	false,
	"platformSamplesDir":	"",
	"platActiveSys":	"design_1_wrapper",
	"systems":	[{
			"systemName":	"design_1_wrapper",
			"systemDesc":	"design_1_wrapper",
			"sysIsBootAutoGen":	"true",
			"systemDispName":	"design_1_wrapper",
			"sysActiveDom":	"standalone_microblaze_0",
			"sysDefaultDom":	"standalone_microblaze_0",
			"domains":	[{
					"domainName":	"standalone_microblaze_0",
					"domainDispName":	"standalone_microblaze_0",
					"domainDesc":	"standalone_microblaze_0",
					"processors":	"microblaze_0",
					"os":	"standalone",
					"sdxOs":	"standalone",
					"debugEnable":	"False",
					"domRuntimes":	["cpp"],
					"swRepo":	"",
					"mssOsVer":	"7.5",
					"mssFile":	"",
					"md5Digest":	"4f07c00aba32abd845a4d24b9871fcba",
					"compatibleApp":	"empty_application",
					"domType":	"mssDomain",
					"arch":	"32-bit",
					"appSettings":	{
						"appCompilerFlags":	"",
						"appLinkerFlags":	""
					},
					"addedLibs":	[],
					"libOptions":	{
						"libsContainingOptions":	[]
					},
					"prebuiltLibs":	{
						"prebuiltIncPath":	[],
						"prebuiltLibPath":	[]
					},
					"isolation":	{
					}
				}]
		}]
}
LOG::2025-03-04.10:41:52::SCWPlatform::Started generating the artifacts platform design_1_wrapper
TRACE::2025-03-04.10:41:52::SCWPlatform::Sanity checking of platform is completed
LOG::2025-03-04.10:41:52::SCWPlatform::Started generating the artifacts for system configuration design_1_wrapper
LOG::2025-03-04.10:41:52::SCWSystem::Started Processing the domain standalone_microblaze_0
TRACE::2025-03-04.10:41:52::SCWDomain::Generating domain artifcats
TRACE::2025-03-04.10:41:52::SCWMssOS::Generating standalone artifcats
TRACE::2025-03-04.10:41:52::SCWMssOS:: Copying the user libraries. 
TRACE::2025-03-04.10:41:52::SCWPlatform::Trying to open the hw design at C:/Users/gshi/workspace/lab4_project/design_1_wrapper/hw/design_1_wrapper.xsa
TRACE::2025-03-04.10:41:52::SCWPlatform::DSA given C:/Users/gshi/workspace/lab4_project/design_1_wrapper/hw/design_1_wrapper.xsa
TRACE::2025-03-04.10:41:52::SCWPlatform::DSA absoulate path C:/Users/gshi/workspace/lab4_project/design_1_wrapper/hw/design_1_wrapper.xsa
TRACE::2025-03-04.10:41:52::SCWPlatform::DSA directory C:/Users/gshi/workspace/lab4_project/design_1_wrapper/hw
TRACE::2025-03-04.10:41:52::SCWPlatform:: Platform Path C:/Users/gshi/workspace/lab4_project/design_1_wrapper/hw/design_1_wrapper.xsa
TRACE::2025-03-04.10:41:52::SCWPlatform:: Unique name xilinx:basys3::0.0
TRACE::2025-03-04.10:41:52::SCWPlatform::Trying to set the existing hwdb with name design_1_wrapper_0
TRACE::2025-03-04.10:41:52::SCWPlatform::Opened existing hwdb design_1_wrapper_0
TRACE::2025-03-04.10:41:52::SCWPlatform::Found the Hw Db part of the input DSA
TRACE::2025-03-04.10:41:52::SCWMssOS::Checking the sw design at  C:/Users/gshi/workspace/lab4_project/design_1_wrapper/microblaze_0/standalone_microblaze_0/bsp/system.mss
TRACE::2025-03-04.10:41:52::SCWMssOS::DEBUG:  swdes dump  C:/Users/gshi/workspace/lab4_project/design_1_wrapper/microblaze_0/standalone_microblaze_0/bsp/system.mss|system||

TRACE::2025-03-04.10:41:52::SCWMssOS::Sw design exists and opened at  C:/Users/gshi/workspace/lab4_project/design_1_wrapper/microblaze_0/standalone_microblaze_0/bsp/system.mss
TRACE::2025-03-04.10:41:52::SCWMssOS::Completed writing the mss file at C:/Users/gshi/workspace/lab4_project/design_1_wrapper/microblaze_0/standalone_microblaze_0/bsp
TRACE::2025-03-04.10:41:52::SCWMssOS::Mss edits present, copying mssfile into export location C:/Users/gshi/workspace/lab4_project/design_1_wrapper/microblaze_0/standalone_microblaze_0/bsp/system.mss
TRACE::2025-03-04.10:41:52::SCWMssOS::bsp generated is upto date with the mss file. Skipping bsp generation.
TRACE::2025-03-04.10:41:52::SCWMssOS::BSP is already built. skipping the bsp build ... 
TRACE::2025-03-04.10:41:52::SCWDomain::Building the domain as part of full build :  standalone_microblaze_0
TRACE::2025-03-04.10:41:52::SCWMssOS::skipping the bsp build ... 
TRACE::2025-03-04.10:41:52::SCWMssOS::Copying to export directory.
TRACE::2025-03-04.10:41:52::SCWMssOS:: Checking if to create the Supporting Applications
TRACE::2025-03-04.10:41:52::SCWMssOS:: No Linux domain exists, trying to generate FSBL 
LOG::2025-03-04.10:41:52::SCWSystem::Completed Processing the domain standalone_microblaze_0
LOG::2025-03-04.10:41:52::SCWSystem::Completed Processing the sysconfig design_1_wrapper
LOG::2025-03-04.10:41:52::SCWPlatform::Completed generating the artifacts for system configuration design_1_wrapper
TRACE::2025-03-04.10:41:52::SCWPlatform::Started preparing the platform 
TRACE::2025-03-04.10:41:52::SCWSystem::Writing the bif file for system config design_1_wrapper
TRACE::2025-03-04.10:41:52::SCWSystem::dir created 
TRACE::2025-03-04.10:41:52::SCWSystem::Writing the bif 
TRACE::2025-03-04.10:41:52::SCWPlatform::Started writing the spfm file 
TRACE::2025-03-04.10:41:52::SCWPlatform::Started writing the xpfm file 
TRACE::2025-03-04.10:41:52::SCWPlatform::Completed generating the platform
TRACE::2025-03-04.10:41:52::SCWMssOS::Saving the mss changes C:/Users/gshi/workspace/lab4_project/design_1_wrapper/microblaze_0/standalone_microblaze_0/bsp/system.mss
TRACE::2025-03-04.10:41:52::SCWMssOS::Found a swdesign opened with the mssfile.
TRACE::2025-03-04.10:41:52::SCWMssOS::Completed writemss as part of save.
TRACE::2025-03-04.10:41:52::SCWMssOS::Commit changes completed.
TRACE::2025-03-04.10:41:52::SCWPlatform::Trying to open the hw design at C:/Users/gshi/workspace/lab4_project/design_1_wrapper/hw/design_1_wrapper.xsa
TRACE::2025-03-04.10:41:52::SCWPlatform::DSA given C:/Users/gshi/workspace/lab4_project/design_1_wrapper/hw/design_1_wrapper.xsa
TRACE::2025-03-04.10:41:52::SCWPlatform::DSA absoulate path C:/Users/gshi/workspace/lab4_project/design_1_wrapper/hw/design_1_wrapper.xsa
TRACE::2025-03-04.10:41:52::SCWPlatform::DSA directory C:/Users/gshi/workspace/lab4_project/design_1_wrapper/hw
TRACE::2025-03-04.10:41:52::SCWPlatform:: Platform Path C:/Users/gshi/workspace/lab4_project/design_1_wrapper/hw/design_1_wrapper.xsa
TRACE::2025-03-04.10:41:52::SCWPlatform:: Unique name xilinx:basys3::0.0
TRACE::2025-03-04.10:41:52::SCWPlatform::Trying to set the existing hwdb with name design_1_wrapper_0
TRACE::2025-03-04.10:41:52::SCWPlatform::Opened existing hwdb design_1_wrapper_0
TRACE::2025-03-04.10:41:52::SCWPlatform::Found the Hw Db part of the input DSA
TRACE::2025-03-04.10:41:52::SCWMssOS::Checking the sw design at  C:/Users/gshi/workspace/lab4_project/design_1_wrapper/microblaze_0/standalone_microblaze_0/bsp/system.mss
TRACE::2025-03-04.10:41:52::SCWMssOS::DEBUG:  swdes dump  C:/Users/gshi/workspace/lab4_project/design_1_wrapper/microblaze_0/standalone_microblaze_0/bsp/system.mss|system||

TRACE::2025-03-04.10:41:52::SCWMssOS::Sw design exists and opened at  C:/Users/gshi/workspace/lab4_project/design_1_wrapper/microblaze_0/standalone_microblaze_0/bsp/system.mss
TRACE::2025-03-04.10:41:52::SCWPlatform::Trying to open the hw design at C:/Users/gshi/workspace/lab4_project/design_1_wrapper/hw/design_1_wrapper.xsa
TRACE::2025-03-04.10:41:52::SCWPlatform::DSA given C:/Users/gshi/workspace/lab4_project/design_1_wrapper/hw/design_1_wrapper.xsa
TRACE::2025-03-04.10:41:52::SCWPlatform::DSA absoulate path C:/Users/gshi/workspace/lab4_project/design_1_wrapper/hw/design_1_wrapper.xsa
TRACE::2025-03-04.10:41:52::SCWPlatform::DSA directory C:/Users/gshi/workspace/lab4_project/design_1_wrapper/hw
TRACE::2025-03-04.10:41:52::SCWPlatform:: Platform Path C:/Users/gshi/workspace/lab4_project/design_1_wrapper/hw/design_1_wrapper.xsa
TRACE::2025-03-04.10:41:52::SCWPlatform:: Unique name xilinx:basys3::0.0
TRACE::2025-03-04.10:41:52::SCWPlatform::Trying to set the existing hwdb with name design_1_wrapper_0
TRACE::2025-03-04.10:41:52::SCWPlatform::Opened existing hwdb design_1_wrapper_0
TRACE::2025-03-04.10:41:52::SCWPlatform::Found the Hw Db part of the input DSA
TRACE::2025-03-04.10:41:52::SCWMssOS::Checking the sw design at  C:/Users/gshi/workspace/lab4_project/design_1_wrapper/microblaze_0/standalone_microblaze_0/bsp/system.mss
TRACE::2025-03-04.10:41:52::SCWMssOS::DEBUG:  swdes dump  C:/Users/gshi/workspace/lab4_project/design_1_wrapper/microblaze_0/standalone_microblaze_0/bsp/system.mss|system||

TRACE::2025-03-04.10:41:52::SCWMssOS::Sw design exists and opened at  C:/Users/gshi/workspace/lab4_project/design_1_wrapper/microblaze_0/standalone_microblaze_0/bsp/system.mss
TRACE::2025-03-04.10:41:52::SCWPlatform::Trying to open the hw design at C:/Users/gshi/workspace/lab4_project/design_1_wrapper/hw/design_1_wrapper.xsa
TRACE::2025-03-04.10:41:52::SCWPlatform::DSA given C:/Users/gshi/workspace/lab4_project/design_1_wrapper/hw/design_1_wrapper.xsa
TRACE::2025-03-04.10:41:52::SCWPlatform::DSA absoulate path C:/Users/gshi/workspace/lab4_project/design_1_wrapper/hw/design_1_wrapper.xsa
TRACE::2025-03-04.10:41:52::SCWPlatform::DSA directory C:/Users/gshi/workspace/lab4_project/design_1_wrapper/hw
TRACE::2025-03-04.10:41:52::SCWPlatform:: Platform Path C:/Users/gshi/workspace/lab4_project/design_1_wrapper/hw/design_1_wrapper.xsa
TRACE::2025-03-04.10:41:52::SCWPlatform:: Unique name xilinx:basys3::0.0
TRACE::2025-03-04.10:41:52::SCWPlatform::Trying to set the existing hwdb with name design_1_wrapper_0
TRACE::2025-03-04.10:41:52::SCWPlatform::Opened existing hwdb design_1_wrapper_0
TRACE::2025-03-04.10:41:52::SCWPlatform::Found the Hw Db part of the input DSA
TRACE::2025-03-04.10:41:52::SCWMssOS::Checking the sw design at  C:/Users/gshi/workspace/lab4_project/design_1_wrapper/microblaze_0/standalone_microblaze_0/bsp/system.mss
TRACE::2025-03-04.10:41:52::SCWMssOS::DEBUG:  swdes dump  C:/Users/gshi/workspace/lab4_project/design_1_wrapper/microblaze_0/standalone_microblaze_0/bsp/system.mss|system||

TRACE::2025-03-04.10:41:52::SCWMssOS::Sw design exists and opened at  C:/Users/gshi/workspace/lab4_project/design_1_wrapper/microblaze_0/standalone_microblaze_0/bsp/system.mss
TRACE::2025-03-04.10:41:52::SCWWriter::formatted JSON is {
	"platformName":	"design_1_wrapper",
	"sprVersion":	"2.0",
	"mode":	"gui",
	"dsaType":	"Fixed",
	"platformDesc":	"design_1_wrapper",
	"platHandOff":	"C:/Users/gshi/Downloads/design_1_wrapper.xsa",
	"platIntHandOff":	"<platformDir>/hw/design_1_wrapper.xsa",
	"deviceType":	"FPGA",
	"platIsPrebuiltAutogen":	"false",
	"platIsNoBootBsp":	"false",
	"hasFsblMakeHasChanges":	"false",
	"hasPmufwMakeHasChanges":	"false",
	"platPreBuiltFlag":	false,
	"platformSamplesDir":	"",
	"platActiveSys":	"design_1_wrapper",
	"systems":	[{
			"systemName":	"design_1_wrapper",
			"systemDesc":	"design_1_wrapper",
			"sysIsBootAutoGen":	"true",
			"systemDispName":	"design_1_wrapper",
			"sysActiveDom":	"standalone_microblaze_0",
			"sysDefaultDom":	"standalone_microblaze_0",
			"domains":	[{
					"domainName":	"standalone_microblaze_0",
					"domainDispName":	"standalone_microblaze_0",
					"domainDesc":	"standalone_microblaze_0",
					"processors":	"microblaze_0",
					"os":	"standalone",
					"sdxOs":	"standalone",
					"debugEnable":	"False",
					"domRuntimes":	["cpp"],
					"swRepo":	"",
					"mssOsVer":	"7.5",
					"mssFile":	"",
					"md5Digest":	"4f07c00aba32abd845a4d24b9871fcba",
					"compatibleApp":	"empty_application",
					"domType":	"mssDomain",
					"arch":	"32-bit",
					"appSettings":	{
						"appCompilerFlags":	"",
						"appLinkerFlags":	""
					},
					"addedLibs":	[],
					"libOptions":	{
						"libsContainingOptions":	[]
					},
					"prebuiltLibs":	{
						"prebuiltIncPath":	[],
						"prebuiltLibPath":	[]
					},
					"isolation":	{
					}
				}]
		}]
}
KEYINFO::2025-03-04.10:41:52::SCWPlatform::updated the xpfm file.
LOG::2025-03-04.10:44:46::SCWPlatform::Started generating the artifacts platform design_1_wrapper
TRACE::2025-03-04.10:44:46::SCWPlatform::Sanity checking of platform is completed
LOG::2025-03-04.10:44:46::SCWPlatform::Started generating the artifacts for system configuration design_1_wrapper
LOG::2025-03-04.10:44:46::SCWSystem::Checking the domain standalone_microblaze_0
LOG::2025-03-04.10:44:46::SCWSystem::Not a boot domain 
LOG::2025-03-04.10:44:46::SCWSystem::Started Processing the domain standalone_microblaze_0
TRACE::2025-03-04.10:44:46::SCWDomain::Generating domain artifcats
TRACE::2025-03-04.10:44:46::SCWMssOS::Generating standalone artifcats
TRACE::2025-03-04.10:44:46::SCWMssOS:: Copying the user libraries. 
TRACE::2025-03-04.10:44:46::SCWPlatform::Trying to open the hw design at C:/Users/gshi/workspace/lab4_project/design_1_wrapper/hw/design_1_wrapper.xsa
TRACE::2025-03-04.10:44:46::SCWPlatform::DSA given C:/Users/gshi/workspace/lab4_project/design_1_wrapper/hw/design_1_wrapper.xsa
TRACE::2025-03-04.10:44:46::SCWPlatform::DSA absoulate path C:/Users/gshi/workspace/lab4_project/design_1_wrapper/hw/design_1_wrapper.xsa
TRACE::2025-03-04.10:44:46::SCWPlatform::DSA directory C:/Users/gshi/workspace/lab4_project/design_1_wrapper/hw
TRACE::2025-03-04.10:44:47::SCWPlatform:: Platform Path C:/Users/gshi/workspace/lab4_project/design_1_wrapper/hw/design_1_wrapper.xsa
TRACE::2025-03-04.10:44:47::SCWPlatform:: Unique name xilinx:basys3::0.0
TRACE::2025-03-04.10:44:47::SCWPlatform::Trying to set the existing hwdb with name design_1_wrapper_0
TRACE::2025-03-04.10:44:47::SCWPlatform::Opened existing hwdb design_1_wrapper_0
TRACE::2025-03-04.10:44:47::SCWPlatform::Found the Hw Db part of the input DSA
TRACE::2025-03-04.10:44:47::SCWMssOS::Checking the sw design at  C:/Users/gshi/workspace/lab4_project/design_1_wrapper/microblaze_0/standalone_microblaze_0/bsp/system.mss
TRACE::2025-03-04.10:44:47::SCWMssOS::DEBUG:  swdes dump  C:/Users/gshi/workspace/lab4_project/design_1_wrapper/microblaze_0/standalone_microblaze_0/bsp/system.mss|system||

TRACE::2025-03-04.10:44:47::SCWMssOS::Sw design exists and opened at  C:/Users/gshi/workspace/lab4_project/design_1_wrapper/microblaze_0/standalone_microblaze_0/bsp/system.mss
TRACE::2025-03-04.10:44:47::SCWMssOS::Completed writing the mss file at C:/Users/gshi/workspace/lab4_project/design_1_wrapper/microblaze_0/standalone_microblaze_0/bsp
TRACE::2025-03-04.10:44:47::SCWMssOS::Mss edits present, copying mssfile into export location C:/Users/gshi/workspace/lab4_project/design_1_wrapper/microblaze_0/standalone_microblaze_0/bsp/system.mss
TRACE::2025-03-04.10:44:47::SCWMssOS::bsp generated is upto date with the mss file. Skipping bsp generation.
TRACE::2025-03-04.10:44:47::SCWMssOS::BSP is already built. skipping the bsp build ... 
TRACE::2025-03-04.10:44:47::SCWDomain::Building the domain as part of full build :  standalone_microblaze_0
TRACE::2025-03-04.10:44:47::SCWMssOS::doing bsp build ... 
TRACE::2025-03-04.10:44:47::SCWMssOS::System Command Ran  C: & cd  C:/Users/gshi/workspace/lab4_project/design_1_wrapper/microblaze_0/standalone_microblaze_0/bsp & make 
TRACE::2025-03-04.10:44:47::SCWMssOS::make --no-print-directory seq_libs

TRACE::2025-03-04.10:44:47::SCWMssOS::'Finished building libraries sequentially.'

TRACE::2025-03-04.10:44:47::SCWMssOS::make -j 10 --no-print-directory par_libs

TRACE::2025-03-04.10:44:47::SCWMssOS::"Running Make include in microblaze_0/libsrc/bram_v4_6/src"

TRACE::2025-03-04.10:44:47::SCWMssOS::make -C microblaze_0/libsrc/bram_v4_6/src -s include  "SHELL=CMD" "COMPILER=mb-gcc" "ASSEMBLER=mb-as" "ARCHIVER=mb-ar" "COMPILE
TRACE::2025-03-04.10:44:47::SCWMssOS::R_FLAGS=  -O2 -c -mcpu=v11.0 -mlittle-endian -mxl-soft-mul" "EXTRA_COMPILER_FLAGS=-g -ffunction-sections -fdata-sections -Wall 
TRACE::2025-03-04.10:44:47::SCWMssOS::-Wextra -fno-tree-loop-distribute-patterns"

TRACE::2025-03-04.10:44:47::SCWMssOS::"Running Make include in microblaze_0/libsrc/cpu_v2_13/src"

TRACE::2025-03-04.10:44:47::SCWMssOS::make -C microblaze_0/libsrc/cpu_v2_13/src -s include  "SHELL=CMD" "COMPILER=mb-gcc" "ASSEMBLER=mb-as" "ARCHIVER=mb-ar" "COMPILE
TRACE::2025-03-04.10:44:47::SCWMssOS::R_FLAGS=  -O2 -c -mcpu=v11.0 -mlittle-endian -mxl-soft-mul" "EXTRA_COMPILER_FLAGS=-g -ffunction-sections -fdata-sections -Wall 
TRACE::2025-03-04.10:44:47::SCWMssOS::-Wextra -fno-tree-loop-distribute-patterns"

TRACE::2025-03-04.10:44:47::SCWMssOS::"Running Make include in microblaze_0/libsrc/gpio_v4_8/src"

TRACE::2025-03-04.10:44:47::SCWMssOS::make -C microblaze_0/libsrc/gpio_v4_8/src -s include  "SHELL=CMD" "COMPILER=mb-gcc" "ASSEMBLER=mb-as" "ARCHIVER=mb-ar" "COMPILE
TRACE::2025-03-04.10:44:47::SCWMssOS::R_FLAGS=  -O2 -c -mcpu=v11.0 -mlittle-endian -mxl-soft-mul" "EXTRA_COMPILER_FLAGS=-g -ffunction-sections -fdata-sections -Wall 
TRACE::2025-03-04.10:44:47::SCWMssOS::-Wextra -fno-tree-loop-distribute-patterns"

TRACE::2025-03-04.10:44:47::SCWMssOS::"Running Make include in microblaze_0/libsrc/intc_v3_13/src"

TRACE::2025-03-04.10:44:47::SCWMssOS::make -C microblaze_0/libsrc/intc_v3_13/src -s include  "SHELL=CMD" "COMPILER=mb-gcc" "ASSEMBLER=mb-as" "ARCHIVER=mb-ar" "COMPIL
TRACE::2025-03-04.10:44:47::SCWMssOS::ER_FLAGS=  -O2 -c -mcpu=v11.0 -mlittle-endian -mxl-soft-mul" "EXTRA_COMPILER_FLAGS=-g -ffunction-sections -fdata-sections -Wall
TRACE::2025-03-04.10:44:47::SCWMssOS:: -Wextra -fno-tree-loop-distribute-patterns"

TRACE::2025-03-04.10:44:47::SCWMssOS::"Running Make include in microblaze_0/libsrc/standalone_v7_5/src"

TRACE::2025-03-04.10:44:47::SCWMssOS::make -C microblaze_0/libsrc/standalone_v7_5/src -s include  "SHELL=CMD" "COMPILER=mb-gcc" "ASSEMBLER=mb-as" "ARCHIVER=mb-ar" "C
TRACE::2025-03-04.10:44:47::SCWMssOS::OMPILER_FLAGS=  -O2 -c -mcpu=v11.0 -mlittle-endian -mxl-soft-mul" "EXTRA_COMPILER_FLAGS=-g -ffunction-sections -fdata-sections 
TRACE::2025-03-04.10:44:47::SCWMssOS::-Wall -Wextra -fno-tree-loop-distribute-patterns"

TRACE::2025-03-04.10:44:47::SCWMssOS::"Running Make include in microblaze_0/libsrc/tmrctr_v4_8/src"

TRACE::2025-03-04.10:44:47::SCWMssOS::make -C microblaze_0/libsrc/tmrctr_v4_8/src -s include  "SHELL=CMD" "COMPILER=mb-gcc" "ASSEMBLER=mb-as" "ARCHIVER=mb-ar" "COMPI
TRACE::2025-03-04.10:44:47::SCWMssOS::LER_FLAGS=  -O2 -c -mcpu=v11.0 -mlittle-endian -mxl-soft-mul" "EXTRA_COMPILER_FLAGS=-g -ffunction-sections -fdata-sections -Wal
TRACE::2025-03-04.10:44:47::SCWMssOS::l -Wextra -fno-tree-loop-distribute-patterns"

TRACE::2025-03-04.10:44:47::SCWMssOS::"Running Make include in microblaze_0/libsrc/uartlite_v3_6/src"

TRACE::2025-03-04.10:44:47::SCWMssOS::make -C microblaze_0/libsrc/uartlite_v3_6/src -s include  "SHELL=CMD" "COMPILER=mb-gcc" "ASSEMBLER=mb-as" "ARCHIVER=mb-ar" "COM
TRACE::2025-03-04.10:44:47::SCWMssOS::PILER_FLAGS=  -O2 -c -mcpu=v11.0 -mlittle-endian -mxl-soft-mul" "EXTRA_COMPILER_FLAGS=-g -ffunction-sections -fdata-sections -W
TRACE::2025-03-04.10:44:47::SCWMssOS::all -Wextra -fno-tree-loop-distribute-patterns"

TRACE::2025-03-04.10:44:48::SCWMssOS::"Running Make libs in microblaze_0/libsrc/bram_v4_6/src"

TRACE::2025-03-04.10:44:48::SCWMssOS::make -C microblaze_0/libsrc/bram_v4_6/src -s libs  "SHELL=CMD" "COMPILER=mb-gcc" "ASSEMBLER=mb-as" "ARCHIVER=mb-ar" "COMPILER_F
TRACE::2025-03-04.10:44:48::SCWMssOS::LAGS=  -O2 -c -mcpu=v11.0 -mlittle-endian -mxl-soft-mul" "EXTRA_COMPILER_FLAGS=-g -ffunction-sections -fdata-sections -Wall -We
TRACE::2025-03-04.10:44:48::SCWMssOS::xtra -fno-tree-loop-distribute-patterns"

TRACE::2025-03-04.10:44:48::SCWMssOS::"Running Make libs in microblaze_0/libsrc/cpu_v2_13/src"

TRACE::2025-03-04.10:44:48::SCWMssOS::make -C microblaze_0/libsrc/cpu_v2_13/src -s libs  "SHELL=CMD" "COMPILER=mb-gcc" "ASSEMBLER=mb-as" "ARCHIVER=mb-ar" "COMPILER_F
TRACE::2025-03-04.10:44:48::SCWMssOS::LAGS=  -O2 -c -mcpu=v11.0 -mlittle-endian -mxl-soft-mul" "EXTRA_COMPILER_FLAGS=-g -ffunction-sections -fdata-sections -Wall -We
TRACE::2025-03-04.10:44:48::SCWMssOS::xtra -fno-tree-loop-distribute-patterns"

TRACE::2025-03-04.10:44:48::SCWMssOS::"Running Make libs in microblaze_0/libsrc/gpio_v4_8/src"

TRACE::2025-03-04.10:44:49::SCWMssOS::make -C microblaze_0/libsrc/gpio_v4_8/src -s libs  "SHELL=CMD" "COMPILER=mb-gcc" "ASSEMBLER=mb-as" "ARCHIVER=mb-ar" "COMPILER_F
TRACE::2025-03-04.10:44:49::SCWMssOS::LAGS=  -O2 -c -mcpu=v11.0 -mlittle-endian -mxl-soft-mul" "EXTRA_COMPILER_FLAGS=-g -ffunction-sections -fdata-sections -Wall -We
TRACE::2025-03-04.10:44:49::SCWMssOS::xtra -fno-tree-loop-distribute-patterns"

TRACE::2025-03-04.10:44:49::SCWMssOS::"Running Make libs in microblaze_0/libsrc/intc_v3_13/src"

TRACE::2025-03-04.10:44:49::SCWMssOS::make -C microblaze_0/libsrc/intc_v3_13/src -s libs  "SHELL=CMD" "COMPILER=mb-gcc" "ASSEMBLER=mb-as" "ARCHIVER=mb-ar" "COMPILER_
TRACE::2025-03-04.10:44:49::SCWMssOS::FLAGS=  -O2 -c -mcpu=v11.0 -mlittle-endian -mxl-soft-mul" "EXTRA_COMPILER_FLAGS=-g -ffunction-sections -fdata-sections -Wall -W
TRACE::2025-03-04.10:44:49::SCWMssOS::extra -fno-tree-loop-distribute-patterns"

TRACE::2025-03-04.10:44:49::SCWMssOS::"Running Make libs in microblaze_0/libsrc/standalone_v7_5/src"

TRACE::2025-03-04.10:44:49::SCWMssOS::make -C microblaze_0/libsrc/standalone_v7_5/src -s libs  "SHELL=CMD" "COMPILER=mb-gcc" "ASSEMBLER=mb-as" "ARCHIVER=mb-ar" "COMP
TRACE::2025-03-04.10:44:49::SCWMssOS::ILER_FLAGS=  -O2 -c -mcpu=v11.0 -mlittle-endian -mxl-soft-mul" "EXTRA_COMPILER_FLAGS=-g -ffunction-sections -fdata-sections -Wa
TRACE::2025-03-04.10:44:49::SCWMssOS::ll -Wextra -fno-tree-loop-distribute-patterns"

TRACE::2025-03-04.10:44:49::SCWMssOS::"Running Make libs in microblaze_0/libsrc/tmrctr_v4_8/src"

TRACE::2025-03-04.10:44:49::SCWMssOS::make -C microblaze_0/libsrc/tmrctr_v4_8/src -s libs  "SHELL=CMD" "COMPILER=mb-gcc" "ASSEMBLER=mb-as" "ARCHIVER=mb-ar" "COMPILER
TRACE::2025-03-04.10:44:49::SCWMssOS::_FLAGS=  -O2 -c -mcpu=v11.0 -mlittle-endian -mxl-soft-mul" "EXTRA_COMPILER_FLAGS=-g -ffunction-sections -fdata-sections -Wall -
TRACE::2025-03-04.10:44:49::SCWMssOS::Wextra -fno-tree-loop-distribute-patterns"

TRACE::2025-03-04.10:44:50::SCWMssOS::"Running Make libs in microblaze_0/libsrc/uartlite_v3_6/src"

TRACE::2025-03-04.10:44:50::SCWMssOS::make -C microblaze_0/libsrc/uartlite_v3_6/src -s libs  "SHELL=CMD" "COMPILER=mb-gcc" "ASSEMBLER=mb-as" "ARCHIVER=mb-ar" "COMPIL
TRACE::2025-03-04.10:44:50::SCWMssOS::ER_FLAGS=  -O2 -c -mcpu=v11.0 -mlittle-endian -mxl-soft-mul" "EXTRA_COMPILER_FLAGS=-g -ffunction-sections -fdata-sections -Wall
TRACE::2025-03-04.10:44:50::SCWMssOS:: -Wextra -fno-tree-loop-distribute-patterns"

TRACE::2025-03-04.10:44:53::SCWMssOS::"DEBUG NON_LTO_OBJECTS is ../../../lib/microblaze_interrupt_handler.o"

TRACE::2025-03-04.10:44:53::SCWMssOS::'Finished building libraries parallelly.'

TRACE::2025-03-04.10:44:53::SCWMssOS::make --no-print-directory archive

TRACE::2025-03-04.10:44:53::SCWMssOS::mb-ar -r  microblaze_0/lib/libxil.a microblaze_0/lib/xplatform_info.o microblaze_0/lib/xuartlite.o microblaze_0/lib/microblaze_
TRACE::2025-03-04.10:44:53::SCWMssOS::disable_exceptions.o microblaze_0/lib/print.o microblaze_0/lib/xtmrctr_options.o microblaze_0/lib/_exit.o microblaze_0/lib/xil_
TRACE::2025-03-04.10:44:53::SCWMssOS::testio.o microblaze_0/lib/microblaze_disable_dcache.o microblaze_0/lib/microblaze_flush_dcache_range.o microblaze_0/lib/xuartli
TRACE::2025-03-04.10:44:53::SCWMssOS::te_sinit.o microblaze_0/lib/microblaze_flush_cache_ext.o microblaze_0/lib/xbram_sinit.o microblaze_0/lib/xil_misc_psreset_api.o
TRACE::2025-03-04.10:44:53::SCWMssOS:: microblaze_0/lib/xil_cache.o microblaze_0/lib/xil_util.o microblaze_0/lib/inbyte.o microblaze_0/lib/xuartlite_stats.o microbla
TRACE::2025-03-04.10:44:53::SCWMssOS::ze_0/lib/microblaze_exception_handler.o microblaze_0/lib/xbram_g.o microblaze_0/lib/microblaze_scrub.o microblaze_0/lib/microbl
TRACE::2025-03-04.10:44:53::SCWMssOS::aze_invalidate_dcache.o microblaze_0/lib/microblaze_disable_interrupts.o microblaze_0/lib/xbram_selftest.o microblaze_0/lib/mic
TRACE::2025-03-04.10:44:53::SCWMssOS::roblaze_interrupt_handler.o microblaze_0/lib/microblaze_disable_icache.o microblaze_0/lib/xgpio_g.o microblaze_0/lib/xil_mem.o 
TRACE::2025-03-04.10:44:53::SCWMssOS::microblaze_0/lib/microblaze_flush_cache_ext_range.o microblaze_0/lib/xtmrctr_intr.o microblaze_0/lib/xbram_intr.o microblaze_0/
TRACE::2025-03-04.10:44:53::SCWMssOS::lib/xil_sleepcommon.o microblaze_0/lib/xil_printf.o microblaze_0/lib/xintc_g.o microblaze_0/lib/xuartlite_g.o microblaze_0/lib/
TRACE::2025-03-04.10:44:53::SCWMssOS::xtmrctr_l.o microblaze_0/lib/xintc_selftest.o microblaze_0/lib/xintc_l.o microblaze_0/lib/outbyte.o microblaze_0/lib/xgpio_intr
TRACE::2025-03-04.10:44:53::SCWMssOS::.o microblaze_0/lib/microblaze_invalidate_dcache_range.o microblaze_0/lib/microblaze_invalidate_cache_ext.o microblaze_0/lib/mi
TRACE::2025-03-04.10:44:53::SCWMssOS::croblaze_sleep.o microblaze_0/lib/hw_exception_handler.o microblaze_0/lib/xtmrctr.o microblaze_0/lib/xuartlite_selftest.o micro
TRACE::2025-03-04.10:44:53::SCWMssOS::blaze_0/lib/xgpio_sinit.o microblaze_0/lib/microblaze_update_dcache.o microblaze_0/lib/xil_testcache.o microblaze_0/lib/microbl
TRACE::2025-03-04.10:44:53::SCWMssOS::aze_selftest.o microblaze_0/lib/microblaze_interrupts_g.o microblaze_0/lib/microblaze_enable_exceptions.o microblaze_0/lib/xio.
TRACE::2025-03-04.10:44:53::SCWMssOS::o microblaze_0/lib/xtmrctr_g.o microblaze_0/lib/microblaze_enable_dcache.o microblaze_0/lib/xbram.o microblaze_0/lib/microblaze
TRACE::2025-03-04.10:44:53::SCWMssOS::_invalidate_icache_range.o microblaze_0/lib/xtmrctr_selftest.o microblaze_0/lib/microblaze_init_dcache_range.o microblaze_0/lib
TRACE::2025-03-04.10:44:53::SCWMssOS::/microblaze_invalidate_icache.o microblaze_0/lib/errno.o microblaze_0/lib/xuartlite_l.o microblaze_0/lib/xintc_options.o microb
TRACE::2025-03-04.10:44:53::SCWMssOS::laze_0/lib/microblaze_invalidate_cache_ext_range.o microblaze_0/lib/xintc_intr.o microblaze_0/lib/xil_exception.o microblaze_0/
TRACE::2025-03-04.10:44:53::SCWMssOS::lib/pvr.o microblaze_0/lib/xgpio.o microblaze_0/lib/xil_testmem.o microblaze_0/lib/microblaze_update_icache.o microblaze_0/lib/
TRACE::2025-03-04.10:44:53::SCWMssOS::xuartlite_intr.o microblaze_0/lib/microblaze_flush_dcache.o microblaze_0/lib/xil_clocking.o microblaze_0/lib/xil_assert.o micro
TRACE::2025-03-04.10:44:53::SCWMssOS::blaze_0/lib/microblaze_enable_interrupts.o microblaze_0/lib/xgpio_extra.o microblaze_0/lib/microblaze_enable_icache.o microblaz
TRACE::2025-03-04.10:44:53::SCWMssOS::e_0/lib/xintc.o microblaze_0/lib/xtmrctr_stats.o microblaze_0/lib/microblaze_init_icache_range.o microblaze_0/lib/xtmrctr_sinit
TRACE::2025-03-04.10:44:53::SCWMssOS::.o microblaze_0/lib/fcntl.o microblaze_0/lib/xgpio_selftest.o

TRACE::2025-03-04.10:44:54::SCWMssOS::'Finished building libraries'

TRACE::2025-03-04.10:44:54::SCWMssOS::Copying to export directory.
TRACE::2025-03-04.10:44:54::SCWMssOS:: Checking if to create the Supporting Applications
TRACE::2025-03-04.10:44:54::SCWMssOS:: No Linux domain exists, trying to generate FSBL 
LOG::2025-03-04.10:44:54::SCWSystem::Completed Processing the domain standalone_microblaze_0
LOG::2025-03-04.10:44:54::SCWSystem::Completed Processing the sysconfig design_1_wrapper
LOG::2025-03-04.10:44:54::SCWPlatform::Completed generating the artifacts for system configuration design_1_wrapper
TRACE::2025-03-04.10:44:54::SCWPlatform::Started preparing the platform 
TRACE::2025-03-04.10:44:54::SCWSystem::Writing the bif file for system config design_1_wrapper
TRACE::2025-03-04.10:44:54::SCWSystem::dir created 
TRACE::2025-03-04.10:44:54::SCWSystem::Writing the bif 
TRACE::2025-03-04.10:44:54::SCWPlatform::Started writing the spfm file 
TRACE::2025-03-04.10:44:54::SCWPlatform::Started writing the xpfm file 
TRACE::2025-03-04.10:44:54::SCWPlatform::Completed generating the platform
TRACE::2025-03-04.10:44:54::SCWMssOS::Saving the mss changes C:/Users/gshi/workspace/lab4_project/design_1_wrapper/microblaze_0/standalone_microblaze_0/bsp/system.mss
TRACE::2025-03-04.10:44:54::SCWMssOS::Found a swdesign opened with the mssfile.
TRACE::2025-03-04.10:44:54::SCWMssOS::Completed writemss as part of save.
TRACE::2025-03-04.10:44:54::SCWMssOS::Commit changes completed.
TRACE::2025-03-04.10:44:54::SCWPlatform::Trying to open the hw design at C:/Users/gshi/workspace/lab4_project/design_1_wrapper/hw/design_1_wrapper.xsa
TRACE::2025-03-04.10:44:54::SCWPlatform::DSA given C:/Users/gshi/workspace/lab4_project/design_1_wrapper/hw/design_1_wrapper.xsa
TRACE::2025-03-04.10:44:54::SCWPlatform::DSA absoulate path C:/Users/gshi/workspace/lab4_project/design_1_wrapper/hw/design_1_wrapper.xsa
TRACE::2025-03-04.10:44:54::SCWPlatform::DSA directory C:/Users/gshi/workspace/lab4_project/design_1_wrapper/hw
TRACE::2025-03-04.10:44:54::SCWPlatform:: Platform Path C:/Users/gshi/workspace/lab4_project/design_1_wrapper/hw/design_1_wrapper.xsa
TRACE::2025-03-04.10:44:54::SCWPlatform:: Unique name xilinx:basys3::0.0
TRACE::2025-03-04.10:44:54::SCWPlatform::Trying to set the existing hwdb with name design_1_wrapper_0
TRACE::2025-03-04.10:44:54::SCWPlatform::Opened existing hwdb design_1_wrapper_0
TRACE::2025-03-04.10:44:54::SCWPlatform::Found the Hw Db part of the input DSA
TRACE::2025-03-04.10:44:54::SCWMssOS::Checking the sw design at  C:/Users/gshi/workspace/lab4_project/design_1_wrapper/microblaze_0/standalone_microblaze_0/bsp/system.mss
TRACE::2025-03-04.10:44:54::SCWMssOS::DEBUG:  swdes dump  C:/Users/gshi/workspace/lab4_project/design_1_wrapper/microblaze_0/standalone_microblaze_0/bsp/system.mss|system||

TRACE::2025-03-04.10:44:54::SCWMssOS::Sw design exists and opened at  C:/Users/gshi/workspace/lab4_project/design_1_wrapper/microblaze_0/standalone_microblaze_0/bsp/system.mss
TRACE::2025-03-04.10:44:54::SCWPlatform::Trying to open the hw design at C:/Users/gshi/workspace/lab4_project/design_1_wrapper/hw/design_1_wrapper.xsa
TRACE::2025-03-04.10:44:54::SCWPlatform::DSA given C:/Users/gshi/workspace/lab4_project/design_1_wrapper/hw/design_1_wrapper.xsa
TRACE::2025-03-04.10:44:54::SCWPlatform::DSA absoulate path C:/Users/gshi/workspace/lab4_project/design_1_wrapper/hw/design_1_wrapper.xsa
TRACE::2025-03-04.10:44:54::SCWPlatform::DSA directory C:/Users/gshi/workspace/lab4_project/design_1_wrapper/hw
TRACE::2025-03-04.10:44:54::SCWPlatform:: Platform Path C:/Users/gshi/workspace/lab4_project/design_1_wrapper/hw/design_1_wrapper.xsa
TRACE::2025-03-04.10:44:54::SCWPlatform:: Unique name xilinx:basys3::0.0
TRACE::2025-03-04.10:44:54::SCWPlatform::Trying to set the existing hwdb with name design_1_wrapper_0
TRACE::2025-03-04.10:44:54::SCWPlatform::Opened existing hwdb design_1_wrapper_0
TRACE::2025-03-04.10:44:54::SCWPlatform::Found the Hw Db part of the input DSA
TRACE::2025-03-04.10:44:54::SCWMssOS::Checking the sw design at  C:/Users/gshi/workspace/lab4_project/design_1_wrapper/microblaze_0/standalone_microblaze_0/bsp/system.mss
TRACE::2025-03-04.10:44:54::SCWMssOS::DEBUG:  swdes dump  C:/Users/gshi/workspace/lab4_project/design_1_wrapper/microblaze_0/standalone_microblaze_0/bsp/system.mss|system||

TRACE::2025-03-04.10:44:54::SCWMssOS::Sw design exists and opened at  C:/Users/gshi/workspace/lab4_project/design_1_wrapper/microblaze_0/standalone_microblaze_0/bsp/system.mss
TRACE::2025-03-04.10:44:54::SCWPlatform::Trying to open the hw design at C:/Users/gshi/workspace/lab4_project/design_1_wrapper/hw/design_1_wrapper.xsa
TRACE::2025-03-04.10:44:54::SCWPlatform::DSA given C:/Users/gshi/workspace/lab4_project/design_1_wrapper/hw/design_1_wrapper.xsa
TRACE::2025-03-04.10:44:54::SCWPlatform::DSA absoulate path C:/Users/gshi/workspace/lab4_project/design_1_wrapper/hw/design_1_wrapper.xsa
TRACE::2025-03-04.10:44:54::SCWPlatform::DSA directory C:/Users/gshi/workspace/lab4_project/design_1_wrapper/hw
TRACE::2025-03-04.10:44:54::SCWPlatform:: Platform Path C:/Users/gshi/workspace/lab4_project/design_1_wrapper/hw/design_1_wrapper.xsa
TRACE::2025-03-04.10:44:54::SCWPlatform:: Unique name xilinx:basys3::0.0
TRACE::2025-03-04.10:44:54::SCWPlatform::Trying to set the existing hwdb with name design_1_wrapper_0
TRACE::2025-03-04.10:44:54::SCWPlatform::Opened existing hwdb design_1_wrapper_0
TRACE::2025-03-04.10:44:54::SCWPlatform::Found the Hw Db part of the input DSA
TRACE::2025-03-04.10:44:54::SCWMssOS::Checking the sw design at  C:/Users/gshi/workspace/lab4_project/design_1_wrapper/microblaze_0/standalone_microblaze_0/bsp/system.mss
TRACE::2025-03-04.10:44:54::SCWMssOS::DEBUG:  swdes dump  C:/Users/gshi/workspace/lab4_project/design_1_wrapper/microblaze_0/standalone_microblaze_0/bsp/system.mss|system||

TRACE::2025-03-04.10:44:54::SCWMssOS::Sw design exists and opened at  C:/Users/gshi/workspace/lab4_project/design_1_wrapper/microblaze_0/standalone_microblaze_0/bsp/system.mss
TRACE::2025-03-04.10:44:54::SCWWriter::formatted JSON is {
	"platformName":	"design_1_wrapper",
	"sprVersion":	"2.0",
	"mode":	"gui",
	"dsaType":	"Fixed",
	"platformDesc":	"design_1_wrapper",
	"platHandOff":	"C:/Users/gshi/Downloads/design_1_wrapper.xsa",
	"platIntHandOff":	"<platformDir>/hw/design_1_wrapper.xsa",
	"deviceType":	"FPGA",
	"platIsPrebuiltAutogen":	"false",
	"platIsNoBootBsp":	"false",
	"hasFsblMakeHasChanges":	"false",
	"hasPmufwMakeHasChanges":	"false",
	"platPreBuiltFlag":	false,
	"platformSamplesDir":	"",
	"platActiveSys":	"design_1_wrapper",
	"systems":	[{
			"systemName":	"design_1_wrapper",
			"systemDesc":	"design_1_wrapper",
			"sysIsBootAutoGen":	"true",
			"systemDispName":	"design_1_wrapper",
			"sysActiveDom":	"standalone_microblaze_0",
			"sysDefaultDom":	"standalone_microblaze_0",
			"domains":	[{
					"domainName":	"standalone_microblaze_0",
					"domainDispName":	"standalone_microblaze_0",
					"domainDesc":	"standalone_microblaze_0",
					"processors":	"microblaze_0",
					"os":	"standalone",
					"sdxOs":	"standalone",
					"debugEnable":	"False",
					"domRuntimes":	["cpp"],
					"swRepo":	"",
					"mssOsVer":	"7.5",
					"mssFile":	"",
					"md5Digest":	"4f07c00aba32abd845a4d24b9871fcba",
					"compatibleApp":	"empty_application",
					"domType":	"mssDomain",
					"arch":	"32-bit",
					"appSettings":	{
						"appCompilerFlags":	"",
						"appLinkerFlags":	""
					},
					"addedLibs":	[],
					"libOptions":	{
						"libsContainingOptions":	[]
					},
					"prebuiltLibs":	{
						"prebuiltIncPath":	[],
						"prebuiltLibPath":	[]
					},
					"isolation":	{
					}
				}]
		}]
}
KEYINFO::2025-03-04.10:44:54::SCWPlatform::updated the xpfm file.
TRACE::2025-03-04.10:44:55::SCWPlatform::Trying to open the hw design at C:/Users/gshi/workspace/lab4_project/design_1_wrapper/hw/design_1_wrapper.xsa
TRACE::2025-03-04.10:44:55::SCWPlatform::DSA given C:/Users/gshi/workspace/lab4_project/design_1_wrapper/hw/design_1_wrapper.xsa
TRACE::2025-03-04.10:44:55::SCWPlatform::DSA absoulate path C:/Users/gshi/workspace/lab4_project/design_1_wrapper/hw/design_1_wrapper.xsa
TRACE::2025-03-04.10:44:55::SCWPlatform::DSA directory C:/Users/gshi/workspace/lab4_project/design_1_wrapper/hw
TRACE::2025-03-04.10:44:55::SCWPlatform:: Platform Path C:/Users/gshi/workspace/lab4_project/design_1_wrapper/hw/design_1_wrapper.xsa
TRACE::2025-03-04.10:44:55::SCWPlatform:: Unique name xilinx:basys3::0.0
TRACE::2025-03-04.10:44:55::SCWPlatform::Trying to set the existing hwdb with name design_1_wrapper_0
TRACE::2025-03-04.10:44:55::SCWPlatform::Opened existing hwdb design_1_wrapper_0
TRACE::2025-03-04.10:44:55::SCWPlatform::Found the Hw Db part of the input DSA
TRACE::2025-03-04.10:44:55::SCWMssOS::Checking the sw design at  C:/Users/gshi/workspace/lab4_project/design_1_wrapper/microblaze_0/standalone_microblaze_0/bsp/system.mss
TRACE::2025-03-04.10:44:55::SCWMssOS::DEBUG:  swdes dump  C:/Users/gshi/workspace/lab4_project/design_1_wrapper/microblaze_0/standalone_microblaze_0/bsp/system.mss|system||

TRACE::2025-03-04.10:44:55::SCWMssOS::Sw design exists and opened at  C:/Users/gshi/workspace/lab4_project/design_1_wrapper/microblaze_0/standalone_microblaze_0/bsp/system.mss
