#-----------------------------------------------------------
# Vivado v2024.2 (64-bit)
# SW Build 5239630 on Fri Nov 08 22:35:27 MST 2024
# IP Build 5239520 on Sun Nov 10 16:12:51 MST 2024
# SharedData Build 5239561 on Fri Nov 08 14:39:27 MST 2024
# Start of session at: Fri Jan 24 15:44:38 2025
# Process ID         : 2528
# Current directory  : C:/Users/Ryab Ranjitkar/AppData/Roaming/Xilinx/Vivado
# Command line       : vivado.exe -gui_launcher_event rodinguilauncherevent3132
# Log file           : C:/Users/Ryab Ranjitkar/AppData/Roaming/Xilinx/Vivado/vivado.log
# Journal file       : C:/Users/Ryab Ranjitkar/AppData/Roaming/Xilinx/Vivado\vivado.jou
# Running On         : YourMum
# Platform           : Windows Server 2016 or Windows 10
# Operating System   : 19045
# Processor Detail   : AMD Ryzen 7 5800X 8-Core Processor             
# CPU Frequency      : 3793 MHz
# CPU Physical cores : 8
# CPU Logical cores  : 16
# Host memory        : 34278 MB
# Swap memory        : 5100 MB
# Total Virtual      : 39378 MB
# Available Virtual  : 33686 MB
#-----------------------------------------------------------
start_gui
create_project ECE3829_LAB1 {C:/Users/Ryab Ranjitkar/Documents/ECE3829/ECE3829_LAB1} -part xc7a35tcpg236-1
INFO: [IP_Flow 19-234] Refreshing IP repositories
INFO: [IP_Flow 19-1704] No user IP repositories specified
INFO: [IP_Flow 19-2313] Loaded Vivado IP repository 'C:/Xilinx/Vivado/2024.2/data/ip'.
file mkdir C:/Users/Ryab Ranjitkar/Documents/ECE3829/ECE3829_LAB1/ECE3829_LAB1.srcs/constrs_1
file mkdir C:/Users/Ryab Ranjitkar/Documents/ECE3829/ECE3829_LAB1/ECE3829_LAB1.srcs/constrs_1
file mkdir C:/Users/Ryab Ranjitkar/Documents/ECE3829/ECE3829_LAB1/ECE3829_LAB1.srcs/constrs_1
file mkdir C:/Users/Ryab Ranjitkar/Documents/ECE3829/ECE3829_LAB1/ECE3829_LAB1.srcs/constrs_1/new
file mkdir C:/Users/Ryab Ranjitkar/Documents/ECE3829/ECE3829_LAB1/ECE3829_LAB1.srcs/constrs_1/new
file mkdir C:/Users/Ryab Ranjitkar/Documents/ECE3829/ECE3829_LAB1/ECE3829_LAB1.srcs/constrs_1/new
file mkdir C:/Users/Ryab Ranjitkar/Documents/ECE3829/ECE3829_LAB1/ECE3829_LAB1.srcs/constrs_1/new
file mkdir C:/Users/Ryab Ranjitkar/Documents/ECE3829/ECE3829_LAB1/ECE3829_LAB1.srcs/constrs_1
file mkdir {C:/Users/Ryab Ranjitkar/Documents/ECE3829/ECE3829_LAB1/ECE3829_LAB1.srcs/constrs_1/new}
close [ open {C:/Users/Ryab Ranjitkar/Documents/ECE3829/ECE3829_LAB1/ECE3829_LAB1.srcs/constrs_1/new/constraints.xdc} w ]
add_files -fileset constrs_1 {{C:/Users/Ryab Ranjitkar/Documents/ECE3829/ECE3829_LAB1/ECE3829_LAB1.srcs/constrs_1/new/constraints.xdc}}
file mkdir C:/Users/Ryab Ranjitkar/Documents/ECE3829/ECE3829_LAB1/ECE3829_LAB1.srcs/sources_1/new
file mkdir C:/Users/Ryab Ranjitkar/Documents/ECE3829/ECE3829_LAB1/ECE3829_LAB1.srcs/sources_1/new
file mkdir C:/Users/Ryab Ranjitkar/Documents/ECE3829/ECE3829_LAB1/ECE3829_LAB1.srcs/sources_1/new
file mkdir C:/Users/Ryab Ranjitkar/Documents/ECE3829/ECE3829_LAB1/ECE3829_LAB1.srcs/sources_1/new
file mkdir C:/Users/Ryab Ranjitkar/Documents/ECE3829/ECE3829_LAB1/ECE3829_LAB1.srcs/sources_1/new
file mkdir C:/Users/Ryab Ranjitkar/Documents/ECE3829/ECE3829_LAB1/ECE3829_LAB1.srcs/sources_1/new
file mkdir C:/Users/Ryab Ranjitkar/Documents/ECE3829/ECE3829_LAB1/ECE3829_LAB1.srcs/sources_1/new
file mkdir C:/Users/Ryab Ranjitkar/Documents/ECE3829/ECE3829_LAB1/ECE3829_LAB1.srcs/sources_1/new
file mkdir C:/Users/Ryab Ranjitkar/Documents/ECE3829/ECE3829_LAB1/ECE3829_LAB1.srcs/sources_1/new
file mkdir C:/Users/Ryab Ranjitkar/Documents/ECE3829/ECE3829_LAB1/ECE3829_LAB1.srcs/sources_1/new
file mkdir C:/Users/Ryab Ranjitkar/Documents/ECE3829/ECE3829_LAB1/ECE3829_LAB1.srcs/sources_1/new
file mkdir C:/Users/Ryab Ranjitkar/Documents/ECE3829/ECE3829_LAB1/ECE3829_LAB1.srcs/sources_1/new
file mkdir C:/Users/Ryab Ranjitkar/Documents/ECE3829/ECE3829_LAB1/ECE3829_LAB1.srcs/sources_1/new
file mkdir C:/Users/Ryab Ranjitkar/Documents/ECE3829/ECE3829_LAB1/ECE3829_LAB1.srcs/sources_1/new
file mkdir C:/Users/Ryab Ranjitkar/Documents/ECE3829/ECE3829_LAB1/ECE3829_LAB1.srcs/sources_1/new
file mkdir C:/Users/Ryab Ranjitkar/Documents/ECE3829/ECE3829_LAB1/ECE3829_LAB1.srcs/sources_1/new
file mkdir C:/Users/Ryab Ranjitkar/Documents/ECE3829/ECE3829_LAB1/ECE3829_LAB1.srcs/sources_1/new
file mkdir C:/Users/Ryab Ranjitkar/Documents/ECE3829/ECE3829_LAB1/ECE3829_LAB1.srcs/sources_1/new
file mkdir C:/Users/Ryab Ranjitkar/Documents/ECE3829/ECE3829_LAB1/ECE3829_LAB1.srcs/sources_1/new
file mkdir C:/Users/Ryab Ranjitkar/Documents/ECE3829/ECE3829_LAB1/ECE3829_LAB1.srcs/sources_1/new
file mkdir C:/Users/Ryab Ranjitkar/Documents/ECE3829/ECE3829_LAB1/ECE3829_LAB1.srcs/sources_1/new
file mkdir C:/Users/Ryab Ranjitkar/Documents/ECE3829/ECE3829_LAB1/ECE3829_LAB1.srcs/sources_1/new
file mkdir {C:/Users/Ryab Ranjitkar/Documents/ECE3829/ECE3829_LAB1/ECE3829_LAB1.srcs/sources_1/new}
close [ open {C:/Users/Ryab Ranjitkar/Documents/ECE3829/ECE3829_LAB1/ECE3829_LAB1.srcs/sources_1/new/seven_seg.v} w ]
add_files {{C:/Users/Ryab Ranjitkar/Documents/ECE3829/ECE3829_LAB1/ECE3829_LAB1.srcs/sources_1/new/seven_seg.v}}
close [ open {C:/Users/Ryab Ranjitkar/Documents/ECE3829/ECE3829_LAB1/ECE3829_LAB1.srcs/sources_1/new/top.v} w ]
add_files {{C:/Users/Ryab Ranjitkar/Documents/ECE3829/ECE3829_LAB1/ECE3829_LAB1.srcs/sources_1/new/top.v}}
close [ open {C:/Users/Ryab Ranjitkar/Documents/ECE3829/ECE3829_LAB1/ECE3829_LAB1.srcs/sources_1/new/input_select.v} w ]
add_files {{C:/Users/Ryab Ranjitkar/Documents/ECE3829/ECE3829_LAB1/ECE3829_LAB1.srcs/sources_1/new/input_select.v}}
update_compile_order -fileset sources_1
WARNING: [filemgmt 56-199] Attempt to get parsing info during refresh. "On-the-fly" syntax checking information may be incorrect. [C:\Users\Ryab Ranjitkar\Documents\ECE3829\ECE3829_LAB1\ECE3829_LAB1.srcs\sources_1\new\seven_seg.v:]
WARNING: [filemgmt 56-199] Attempt to get parsing info during refresh. "On-the-fly" syntax checking information may be incorrect. [C:\Users\Ryab Ranjitkar\Documents\ECE3829\ECE3829_LAB1\ECE3829_LAB1.srcs\sources_1\new\input_select.v:]
WARNING: [filemgmt 56-199] Attempt to get parsing info during refresh. "On-the-fly" syntax checking information may be incorrect. [C:\Users\Ryab Ranjitkar\Documents\ECE3829\ECE3829_LAB1\ECE3829_LAB1.srcs\sources_1\new\top.v:]
WARNING: [filemgmt 56-199] Attempt to get parsing info during refresh. "On-the-fly" syntax checking information may be incorrect. [C:\Users\Ryab Ranjitkar\Documents\ECE3829\ECE3829_LAB1\ECE3829_LAB1.srcs\sources_1\new\seven_seg.v:]
WARNING: [filemgmt 56-199] Attempt to get parsing info during refresh. "On-the-fly" syntax checking information may be incorrect. [C:\Users\Ryab Ranjitkar\Documents\ECE3829\ECE3829_LAB1\ECE3829_LAB1.srcs\sources_1\new\seven_seg.v:]
WARNING: [filemgmt 56-199] Attempt to get parsing info during refresh. "On-the-fly" syntax checking information may be incorrect. [C:\Users\Ryab Ranjitkar\Documents\ECE3829\ECE3829_LAB1\ECE3829_LAB1.srcs\sources_1\new\seven_seg.v:]
WARNING: [filemgmt 56-199] Attempt to get parsing info during refresh. "On-the-fly" syntax checking information may be incorrect. [C:\Users\Ryab Ranjitkar\Documents\ECE3829\ECE3829_LAB1\ECE3829_LAB1.srcs\sources_1\new\input_select.v:]
WARNING: [filemgmt 56-199] Attempt to get parsing info during refresh. "On-the-fly" syntax checking information may be incorrect. [C:\Users\Ryab Ranjitkar\Documents\ECE3829\ECE3829_LAB1\ECE3829_LAB1.srcs\sources_1\new\top.v:]
WARNING: [filemgmt 56-199] Attempt to get parsing info during refresh. "On-the-fly" syntax checking information may be incorrect. [C:\Users\Ryab Ranjitkar\Documents\ECE3829\ECE3829_LAB1\ECE3829_LAB1.srcs\sources_1\new\input_select.v:]
WARNING: [filemgmt 56-199] Attempt to get parsing info during refresh. "On-the-fly" syntax checking information may be incorrect. [C:\Users\Ryab Ranjitkar\Documents\ECE3829\ECE3829_LAB1\ECE3829_LAB1.srcs\sources_1\new\input_select.v:]
WARNING: [filemgmt 56-199] Attempt to get parsing info during refresh. "On-the-fly" syntax checking information may be incorrect. [C:\Users\Ryab Ranjitkar\Documents\ECE3829\ECE3829_LAB1\ECE3829_LAB1.srcs\sources_1\new\seven_seg.v:]
WARNING: [filemgmt 56-199] Attempt to get parsing info during refresh. "On-the-fly" syntax checking information may be incorrect. [C:\Users\Ryab Ranjitkar\Documents\ECE3829\ECE3829_LAB1\ECE3829_LAB1.srcs\sources_1\new\input_select.v:]
WARNING: [filemgmt 56-199] Attempt to get parsing info during refresh. "On-the-fly" syntax checking information may be incorrect. [C:\Users\Ryab Ranjitkar\Documents\ECE3829\ECE3829_LAB1\ECE3829_LAB1.srcs\sources_1\new\top.v:]
WARNING: [filemgmt 56-199] Attempt to get parsing info during refresh. "On-the-fly" syntax checking information may be incorrect. [C:\Users\Ryab Ranjitkar\Documents\ECE3829\ECE3829_LAB1\ECE3829_LAB1.srcs\sources_1\new\seven_seg.v:]
WARNING: [filemgmt 56-199] Attempt to get parsing info during refresh. "On-the-fly" syntax checking information may be incorrect. [C:\Users\Ryab Ranjitkar\Documents\ECE3829\ECE3829_LAB1\ECE3829_LAB1.srcs\sources_1\new\seven_seg.v:]
WARNING: [filemgmt 56-199] Attempt to get parsing info during refresh. "On-the-fly" syntax checking information may be incorrect. [C:\Users\Ryab Ranjitkar\Documents\ECE3829\ECE3829_LAB1\ECE3829_LAB1.srcs\sources_1\new\seven_seg.v:]
WARNING: [filemgmt 56-199] Attempt to get parsing info during refresh. "On-the-fly" syntax checking information may be incorrect. [C:\Users\Ryab Ranjitkar\Documents\ECE3829\ECE3829_LAB1\ECE3829_LAB1.srcs\sources_1\new\input_select.v:]
WARNING: [filemgmt 56-199] Attempt to get parsing info during refresh. "On-the-fly" syntax checking information may be incorrect. [C:\Users\Ryab Ranjitkar\Documents\ECE3829\ECE3829_LAB1\ECE3829_LAB1.srcs\sources_1\new\top.v:]
WARNING: [filemgmt 56-199] Attempt to get parsing info during refresh. "On-the-fly" syntax checking information may be incorrect. [C:\Users\Ryab Ranjitkar\Documents\ECE3829\ECE3829_LAB1\ECE3829_LAB1.srcs\sources_1\new\top.v:]
WARNING: [filemgmt 56-199] Attempt to get parsing info during refresh. "On-the-fly" syntax checking information may be incorrect. [C:\Users\Ryab Ranjitkar\Documents\ECE3829\ECE3829_LAB1\ECE3829_LAB1.srcs\sources_1\new\top.v:]
WARNING: [filemgmt 56-199] Attempt to get parsing info during refresh. "On-the-fly" syntax checking information may be incorrect. [C:\Users\Ryab Ranjitkar\Documents\ECE3829\ECE3829_LAB1\ECE3829_LAB1.srcs\sources_1\new\seven_seg.v:]
WARNING: [filemgmt 56-199] Attempt to get parsing info during refresh. "On-the-fly" syntax checking information may be incorrect. [C:\Users\Ryab Ranjitkar\Documents\ECE3829\ECE3829_LAB1\ECE3829_LAB1.srcs\sources_1\new\input_select.v:]
WARNING: [filemgmt 56-199] Attempt to get parsing info during refresh. "On-the-fly" syntax checking information may be incorrect. [C:\Users\Ryab Ranjitkar\Documents\ECE3829\ECE3829_LAB1\ECE3829_LAB1.srcs\sources_1\new\top.v:]
WARNING: [filemgmt 56-199] Attempt to get parsing info during refresh. "On-the-fly" syntax checking information may be incorrect. [C:\Users\Ryab Ranjitkar\Documents\ECE3829\ECE3829_LAB1\ECE3829_LAB1.srcs\sources_1\new\input_select.v:]
WARNING: [filemgmt 56-199] Attempt to get parsing info during refresh. "On-the-fly" syntax checking information may be incorrect. [C:\Users\Ryab Ranjitkar\Documents\ECE3829\ECE3829_LAB1\ECE3829_LAB1.srcs\sources_1\new\input_select.v:]
ERROR: [Common 17-180] Spawn failed: No error
WARNING: [filemgmt 56-199] Attempt to get parsing info during refresh. "On-the-fly" syntax checking information may be incorrect. [C:\Users\Ryab Ranjitkar\Documents\ECE3829\ECE3829_LAB1\ECE3829_LAB1.srcs\sources_1\new\seven_seg.v:]
WARNING: [filemgmt 56-199] Attempt to get parsing info during refresh. "On-the-fly" syntax checking information may be incorrect. [C:\Users\Ryab Ranjitkar\Documents\ECE3829\ECE3829_LAB1\ECE3829_LAB1.srcs\sources_1\new\input_select.v:]
WARNING: [filemgmt 56-199] Attempt to get parsing info during refresh. "On-the-fly" syntax checking information may be incorrect. [C:\Users\Ryab Ranjitkar\Documents\ECE3829\ECE3829_LAB1\ECE3829_LAB1.srcs\sources_1\new\top.v:]
WARNING: [filemgmt 56-199] Attempt to get parsing info during refresh. "On-the-fly" syntax checking information may be incorrect. [C:\Users\Ryab Ranjitkar\Documents\ECE3829\ECE3829_LAB1\ECE3829_LAB1.srcs\sources_1\new\input_select.v:]
WARNING: [filemgmt 56-199] Attempt to get parsing info during refresh. "On-the-fly" syntax checking information may be incorrect. [C:\Users\Ryab Ranjitkar\Documents\ECE3829\ECE3829_LAB1\ECE3829_LAB1.srcs\sources_1\new\input_select.v:]
ERROR: [Common 17-180] Spawn failed: No error
WARNING: [filemgmt 56-199] Attempt to get parsing info during refresh. "On-the-fly" syntax checking information may be incorrect. [C:\Users\Ryab Ranjitkar\Documents\ECE3829\ECE3829_LAB1\ECE3829_LAB1.srcs\sources_1\new\seven_seg.v:]
WARNING: [filemgmt 56-199] Attempt to get parsing info during refresh. "On-the-fly" syntax checking information may be incorrect. [C:\Users\Ryab Ranjitkar\Documents\ECE3829\ECE3829_LAB1\ECE3829_LAB1.srcs\sources_1\new\input_select.v:]
WARNING: [filemgmt 56-199] Attempt to get parsing info during refresh. "On-the-fly" syntax checking information may be incorrect. [C:\Users\Ryab Ranjitkar\Documents\ECE3829\ECE3829_LAB1\ECE3829_LAB1.srcs\sources_1\new\top.v:]
WARNING: [filemgmt 56-199] Attempt to get parsing info during refresh. "On-the-fly" syntax checking information may be incorrect. [C:\Users\Ryab Ranjitkar\Documents\ECE3829\ECE3829_LAB1\ECE3829_LAB1.srcs\sources_1\new\top.v:]
WARNING: [filemgmt 56-199] Attempt to get parsing info during refresh. "On-the-fly" syntax checking information may be incorrect. [C:\Users\Ryab Ranjitkar\Documents\ECE3829\ECE3829_LAB1\ECE3829_LAB1.srcs\sources_1\new\top.v:]
ERROR: [Common 17-180] Spawn failed: No error
WARNING: [filemgmt 56-199] Attempt to get parsing info during refresh. "On-the-fly" syntax checking information may be incorrect. [C:\Users\Ryab Ranjitkar\Documents\ECE3829\ECE3829_LAB1\ECE3829_LAB1.srcs\sources_1\new\seven_seg.v:]
WARNING: [filemgmt 56-199] Attempt to get parsing info during refresh. "On-the-fly" syntax checking information may be incorrect. [C:\Users\Ryab Ranjitkar\Documents\ECE3829\ECE3829_LAB1\ECE3829_LAB1.srcs\sources_1\new\input_select.v:]
WARNING: [filemgmt 56-199] Attempt to get parsing info during refresh. "On-the-fly" syntax checking information may be incorrect. [C:\Users\Ryab Ranjitkar\Documents\ECE3829\ECE3829_LAB1\ECE3829_LAB1.srcs\sources_1\new\top.v:]
WARNING: [filemgmt 56-199] Attempt to get parsing info during refresh. "On-the-fly" syntax checking information may be incorrect. [C:\Users\Ryab Ranjitkar\Documents\ECE3829\ECE3829_LAB1\ECE3829_LAB1.srcs\sources_1\new\seven_seg.v:]
WARNING: [filemgmt 56-199] Attempt to get parsing info during refresh. "On-the-fly" syntax checking information may be incorrect. [C:\Users\Ryab Ranjitkar\Documents\ECE3829\ECE3829_LAB1\ECE3829_LAB1.srcs\sources_1\new\seven_seg.v:]
WARNING: [filemgmt 56-199] Attempt to get parsing info during refresh. "On-the-fly" syntax checking information may be incorrect. [C:\Users\Ryab Ranjitkar\Documents\ECE3829\ECE3829_LAB1\ECE3829_LAB1.srcs\sources_1\new\seven_seg.v:]
WARNING: [filemgmt 56-199] Attempt to get parsing info during refresh. "On-the-fly" syntax checking information may be incorrect. [C:\Users\Ryab Ranjitkar\Documents\ECE3829\ECE3829_LAB1\ECE3829_LAB1.srcs\sources_1\new\input_select.v:]
WARNING: [filemgmt 56-199] Attempt to get parsing info during refresh. "On-the-fly" syntax checking information may be incorrect. [C:\Users\Ryab Ranjitkar\Documents\ECE3829\ECE3829_LAB1\ECE3829_LAB1.srcs\sources_1\new\top.v:]
WARNING: [filemgmt 56-199] Attempt to get parsing info during refresh. "On-the-fly" syntax checking information may be incorrect. [C:\Users\Ryab Ranjitkar\Documents\ECE3829\ECE3829_LAB1\ECE3829_LAB1.srcs\sources_1\new\input_select.v:]
WARNING: [filemgmt 56-199] Attempt to get parsing info during refresh. "On-the-fly" syntax checking information may be incorrect. [C:\Users\Ryab Ranjitkar\Documents\ECE3829\ECE3829_LAB1\ECE3829_LAB1.srcs\sources_1\new\input_select.v:]
update_compile_order -fileset sources_1
launch_runs impl_1 -to_step write_bitstream
[Fri Jan 24 15:47:58 2025] Launched synth_1...
Run output will be captured here: C:/Users/Ryab Ranjitkar/Documents/ECE3829/ECE3829_LAB1/ECE3829_LAB1.runs/synth_1/runme.log
[Fri Jan 24 15:47:58 2025] Launched impl_1...
Run output will be captured here: C:/Users/Ryab Ranjitkar/Documents/ECE3829/ECE3829_LAB1/ECE3829_LAB1.runs/impl_1/runme.log
reset_run synth_1
INFO: [Project 1-1160] Copying file C:/Users/Ryab Ranjitkar/Documents/ECE3829/ECE3829_LAB1/ECE3829_LAB1.runs/synth_1/lab1_top_.dcp to C:/Users/Ryab Ranjitkar/Documents/ECE3829/ECE3829_LAB1/ECE3829_LAB1.srcs/utils_1/imports/synth_1 and adding it to utils fileset
launch_runs impl_1 -to_step write_bitstream
[Fri Jan 24 15:50:07 2025] Launched synth_1...
Run output will be captured here: C:/Users/Ryab Ranjitkar/Documents/ECE3829/ECE3829_LAB1/ECE3829_LAB1.runs/synth_1/runme.log
[Fri Jan 24 15:50:07 2025] Launched impl_1...
Run output will be captured here: C:/Users/Ryab Ranjitkar/Documents/ECE3829/ECE3829_LAB1/ECE3829_LAB1.runs/impl_1/runme.log
open_hw_manager
connect_hw_server -allow_non_jtag
INFO: [Labtools 27-2285] Connecting to hw_server url TCP:localhost:3121
INFO: [Labtools 27-2222] Launching hw_server...
INFO: [Labtools 27-2221] Launch Output:

****** Xilinx hw_server v2024.2
  **** Build date : Oct 29 2024 at 10:25:41
    ** Copyright 1986-2022 Xilinx, Inc. All Rights Reserved.


INFO: [Labtools 27-3415] Connecting to cs_server url TCP:localhost:0
INFO: [Labtools 27-3417] Launching cs_server...
INFO: [Labtools 27-2221] Launch Output:


******** Xilinx cs_server v2024.2.0
  ****** Build date   : Oct 30 2024-14:19:07
    **** Build number : 2024.2.1730312347
      ** Copyright 2017-2022 Xilinx, Inc. All Rights Reserved.
      ** Copyright 2022-2025 Advanced Micro Devices, Inc. All Rights Reserved.



connect_hw_server: Time (s): cpu = 00:00:00 ; elapsed = 00:00:06 . Memory (MB): peak = 1250.723 ; gain = 5.617
disconnect_hw_server localhost:3121
connect_hw_server -allow_non_jtag
INFO: [Labtools 27-2285] Connecting to hw_server url TCP:localhost:3121
INFO: [Labtools 27-3415] Connecting to cs_server url TCP:localhost:0
INFO: [Labtools 27-3417] Launching cs_server...
INFO: [Labtools 27-2221] Launch Output:


******** Xilinx cs_server v2024.2.0
  ****** Build date   : Oct 30 2024-14:19:07
    **** Build number : 2024.2.1730312347
      ** Copyright 2017-2022 Xilinx, Inc. All Rights Reserved.
      ** Copyright 2022-2025 Advanced Micro Devices, Inc. All Rights Reserved.



disconnect_hw_server localhost:3121
connect_hw_server -allow_non_jtag
INFO: [Labtools 27-2285] Connecting to hw_server url TCP:localhost:3121
INFO: [Labtools 27-3415] Connecting to cs_server url TCP:localhost:0
INFO: [Labtools 27-3417] Launching cs_server...
INFO: [Labtools 27-2221] Launch Output:


******** Xilinx cs_server v2024.2.0
  ****** Build date   : Oct 30 2024-14:19:07
    **** Build number : 2024.2.1730312347
      ** Copyright 2017-2022 Xilinx, Inc. All Rights Reserved.
      ** Copyright 2022-2025 Advanced Micro Devices, Inc. All Rights Reserved.



open_hw_target
INFO: [Labtoolstcl 44-466] Opening hw_target localhost:3121/xilinx_tcf/Digilent/210183BB74A6A
set_property PROGRAM.FILE {C:/Users/Ryab Ranjitkar/Documents/ECE3829/ECE3829_LAB1/ECE3829_LAB1.runs/impl_1/lab1_top_.bit} [get_hw_devices xc7a35t_0]
current_hw_device [get_hw_devices xc7a35t_0]
refresh_hw_device -update_hw_probes false [lindex [get_hw_devices xc7a35t_0] 0]
INFO: [Labtools 27-1435] Device xc7a35t (JTAG device index = 0) is not programmed (DONE status = 0).
set_property PROBES.FILE {} [get_hw_devices xc7a35t_0]
set_property FULL_PROBES.FILE {} [get_hw_devices xc7a35t_0]
set_property PROGRAM.FILE {C:/Users/Ryab Ranjitkar/Documents/ECE3829/ECE3829_LAB1/ECE3829_LAB1.runs/impl_1/lab1_top_.bit} [get_hw_devices xc7a35t_0]
program_hw_devices [get_hw_devices xc7a35t_0]
INFO: [Labtools 27-3164] End of startup status: HIGH
refresh_hw_device [lindex [get_hw_devices xc7a35t_0] 0]
INFO: [Labtools 27-1434] Device xc7a35t (JTAG device index = 0) is programmed with a design that has no supported debug core(s) in it.
ERROR: [Labtoolstcl 44-513] HW Target shutdown. Closing target: localhost:3121/xilinx_tcf/Digilent/210183BB74A6A
close_hw_manager
close [ open {C:/Users/Ryab Ranjitkar/Documents/ECE3829/ECE3829_LAB1/ECE3829_LAB1.srcs/sources_1/new/decoder.v} w ]
add_files {{C:/Users/Ryab Ranjitkar/Documents/ECE3829/ECE3829_LAB1/ECE3829_LAB1.srcs/sources_1/new/decoder.v}}
update_compile_order -fileset sources_1
WARNING: [filemgmt 56-199] Attempt to get parsing info during refresh. "On-the-fly" syntax checking information may be incorrect. [C:\Users\Ryab Ranjitkar\Documents\ECE3829\ECE3829_LAB1\ECE3829_LAB1.srcs\sources_1\new\seven_seg.v:]
WARNING: [filemgmt 56-199] Attempt to get parsing info during refresh. "On-the-fly" syntax checking information may be incorrect. [C:\Users\Ryab Ranjitkar\Documents\ECE3829\ECE3829_LAB1\ECE3829_LAB1.srcs\sources_1\new\input_select.v:]
WARNING: [filemgmt 56-199] Attempt to get parsing info during refresh. "On-the-fly" syntax checking information may be incorrect. [C:\Users\Ryab Ranjitkar\Documents\ECE3829\ECE3829_LAB1\ECE3829_LAB1.srcs\sources_1\new\input_select.v:]
WARNING: [filemgmt 56-199] Attempt to get parsing info during refresh. "On-the-fly" syntax checking information may be incorrect. [C:\Users\Ryab Ranjitkar\Documents\ECE3829\ECE3829_LAB1\ECE3829_LAB1.srcs\sources_1\new\input_select.v:]
ERROR: [Common 17-180] Spawn failed: No error
archive_project {C:/Users/Ryab Ranjitkar/Documents/ECE3829/ECE3829_LAB1.xpr.zip} -temp_dir {C:/Users/Ryab Ranjitkar/AppData/Roaming/Xilinx/Vivado/.Xil/Vivado-2528-YourMum} -force -include_local_ip_cache -include_config_settings
INFO: [Coretcl 2-137] starting archive...
INFO: [Coretcl 2-1499] Saving project copy to temporary location 'C:/Users/Ryab Ranjitkar/AppData/Roaming/Xilinx/Vivado/.Xil/Vivado-2528-YourMum' for archiving project
INFO: [filemgmt 56-3] Default IP Output Path : Could not find the directory 'C:/Users/Ryab Ranjitkar/Documents/ECE3829/ECE3829_LAB1/ECE3829_LAB1.gen/sources_1'.
Scanning sources...
Finished scanning sources
INFO: [Coretcl 2-1211] Creating project copy for archival...
INFO: [ProjectBase 1-495] The host OS only allows 260 characters in a normal path. The project is stored in a path with more than 80 characters. If you experience any problem with archiving the project, please consider setting environment variable $TEMP to a shorter path.
Current project path is 'C:/Users/Ryab Ranjitkar/AppData/Roaming/Xilinx/Vivado/.Xil/Vivado-2528-YourMum/PrjAr/_X_'.
WARNING: [IP_Flow 19-4995] The host OS only allows 260 characters in a normal path. The IP cache path is more than 80 characters. If you experience issues with IP caching, please consider changing the IP cache to a location with a shorter path. Alternately consider using the OS subst command to map part of the path to a drive letter. 
Current IP cache path is C:/Users/Ryab Ranjitkar/AppData/Roaming/Xilinx/Vivado/.Xil/Vivado-2528-YourMum/PrjAr/_X_/ECE3829_LAB1.cache/ip 
INFO: [Coretcl 2-1213] Including run results for 'synth_1'
INFO: [Coretcl 2-1213] Including run results for 'impl_1'
