#-----------------------------------------------------------
# Vivado v2024.2 (64-bit)
# SW Build 5239630 on Fri Nov 08 22:35:27 MST 2024
# IP Build 5239520 on Sun Nov 10 16:12:51 MST 2024
# SharedData Build 5239561 on Fri Nov 08 14:39:27 MST 2024
# Start of session at: Tue Feb 11 16:23:55 2025
# Process ID         : 6932
# Current directory  : C:/Users/Ryab Ranjitkar/AppData/Roaming/Xilinx/Vivado
# Command line       : vivado.exe -gui_launcher_event rodinguilauncherevent3432
# Log file           : C:/Users/Ryab Ranjitkar/AppData/Roaming/Xilinx/Vivado/vivado.log
# Journal file       : C:/Users/Ryab Ranjitkar/AppData/Roaming/Xilinx/Vivado\vivado.jou
# Running On         : YourMum
# Platform           : Windows Server 2016 or Windows 10
# Operating System   : 19045
# Processor Detail   : AMD Ryzen 7 5800X 8-Core Processor             
# CPU Frequency      : 3793 MHz
# CPU Physical cores : 8
# CPU Logical cores  : 16
# Host memory        : 34278 MB
# Swap memory        : 5100 MB
# Total Virtual      : 39378 MB
# Available Virtual  : 30342 MB
#-----------------------------------------------------------
start_gui
open_project {C:/Users/Ryab Ranjitkar/Documents/ECE3829/ECE3829_Lab2/ECE3829_Lab2.xpr}
CRITICAL WARNING: [Project 1-19] Could not find the file 'C:/Users/Ryab Ranjitkar/Desktop/project_2/archive_project_summary.txt'.
Scanning sources...
Finished scanning sources
INFO: [IP_Flow 19-234] Refreshing IP repositories
INFO: [IP_Flow 19-1704] No user IP repositories specified
INFO: [IP_Flow 19-2313] Loaded Vivado IP repository 'C:/Xilinx/Vivado/2024.2/data/ip'.
update_compile_order -fileset sources_1
archive_project {C:/Users/Ryab Ranjitkar/Documents/ECE3829/ECE3829_Lab2.xpr.zip} -temp_dir {C:/Users/Ryab Ranjitkar/AppData/Roaming/Xilinx/Vivado/.Xil/Vivado-6932-YourMum} -force -include_local_ip_cache -include_config_settings
INFO: [Coretcl 2-137] starting archive...
INFO: [Coretcl 2-1499] Saving project copy to temporary location 'C:/Users/Ryab Ranjitkar/AppData/Roaming/Xilinx/Vivado/.Xil/Vivado-6932-YourMum' for archiving project
CRITICAL WARNING: [Project 1-19] Could not find the file 'C:/Users/Ryab Ranjitkar/Desktop/project_2/archive_project_summary.txt'.
Scanning sources...
Finished scanning sources
INFO: [IP_Flow 19-234] Refreshing IP repositories
INFO: [IP_Flow 19-1704] No user IP repositories specified
INFO: [IP_Flow 19-2313] Loaded Vivado IP repository 'C:/Xilinx/Vivado/2024.2/data/ip'.
INFO: [Coretcl 2-1211] Creating project copy for archival...
INFO: [ProjectBase 1-495] The host OS only allows 260 characters in a normal path. The project is stored in a path with more than 80 characters. If you experience any problem with archiving the project, please consider setting environment variable $TEMP to a shorter path.
Current project path is 'C:/Users/Ryab Ranjitkar/AppData/Roaming/Xilinx/Vivado/.Xil/Vivado-6932-YourMum/PrjAr/_X_'.
WARNING: [IP_Flow 19-4995] The host OS only allows 260 characters in a normal path. The IP cache path is more than 80 characters. If you experience issues with IP caching, please consider changing the IP cache to a location with a shorter path. Alternately consider using the OS subst command to map part of the path to a drive letter. 
Current IP cache path is C:/Users/Ryab Ranjitkar/AppData/Roaming/Xilinx/Vivado/.Xil/Vivado-6932-YourMum/PrjAr/_X_/ECE3829_Lab2.cache/ip 
INFO: [Coretcl 2-1213] Including run results for 'synth_1'
INFO: [Coretcl 2-1213] Including run results for 'clk_mmcm_synth_1'
INFO: [Coretcl 2-1213] Including run results for 'impl_1'
INFO: [Coretcl 2-133] resetting run 'clk_mmcm_impl_1'...
WARNING: [Coretcl 2-52] File 'C:/Users/Ryab Ranjitkar/Desktop/project_2/archive_project_summary.txt' does not exist
INFO: [Coretcl 2-1212] Importing remotely added design sources and verilog include files (if any)...
INFO: [filemgmt 20-334] All file(s) are already imported in fileset: 'clk_mmcm'
INFO: [filemgmt 20-348] Importing the appropriate files for fileset: 'clk_mmcm'
INFO: [filemgmt 20-334] All file(s) are already imported in fileset: 'constrs_1'
INFO: [filemgmt 20-348] Importing the appropriate files for fileset: 'constrs_1'
INFO: [filemgmt 20-334] All file(s) are already imported in fileset: 'sim_1'
INFO: [filemgmt 20-348] Importing the appropriate files for fileset: 'sim_1'
INFO: [filemgmt 20-348] Importing the appropriate files for fileset: 'sources_1'
WARNING: [filemgmt 20-342] File / dir doesn't exist, skipping: C:/Users/Ryab Ranjitkar/Desktop/project_2/archive_project_summary.txt
